#
# A fatal error has been detected by the Java Runtime Environment:
#
#  EXCEPTION_ACCESS_VIOLATION (0xc0000005) at pc=0x5d669beb, pid=8984, tid=9400
#
# JRE version: Java(TM) SE Runtime Environment (7.0_71-b14) (build 1.7.0_71-b14)
# Java VM: Java HotSpot(TM) Client VM (24.71-b01 mixed mode, sharing windows-x86 )
# Problematic frame:
# C  [jllvm.dll+0x2b9beb]
#
# Failed to write core dump. Minidumps are not enabled by default on client versions of Windows
#
# If you would like to submit a bug report, please visit:
#   http://bugreport.sun.com/bugreport/crash.jsp
# The crash happened outside the Java Virtual Machine in native code.
# See problematic frame for where to report the bug.
#

---------------  T H R E A D  ---------------

Current thread (0x005dcc00):  JavaThread "main" [_thread_in_native, id=9400, stack(0x018c0000,0x01910000)]

siginfo: ExceptionCode=0xc0000005, reading address 0x00000000

Registers:
EAX=0x00000000, EBX=0x00000000, ECX=0x004ae0d0, EDX=0x00000002
ESP=0x0190f140, EBP=0x004a4020, ESI=0x00000000, EDI=0x004ae0d0
EIP=0x5d669beb, EFLAGS=0x00010206

Top of Stack: (sp=0x0190f140)
0x0190f140:   004ae0d0 00000000 004a4020 004ac110
0x0190f150:   00000001 5d487f0b 5d487f1e 00000000
0x0190f160:   00000000 004aa120 00000001 004a4020
0x0190f170:   004a3fd0 5d62f979 004a4020 004aa120
0x0190f180:   00000001 00000002 0190f1a0 00000000
0x0190f190:   005dcd30 03ed5d00 0190f1f8 0190f25c
0x0190f1a0:   0190f5e8 72be634e 46d10101 5d65abc9
0x0190f1b0:   004a4020 004aa120 00000001 0190f1c0 

Instructions: (pc=0x5d669beb)
0x5d669bcb:   05 05 05 05 05 05 05 05 05 05 05 05 05 05 05 05
0x5d669bdb:   05 05 05 05 04 83 ec 08 53 8b 5c 24 10 55 56 57
0x5d669beb:   8b 03 8b 7c 24 20 8b 28 85 ff 75 48 8d 44 24 20
0x5d669bfb:   50 8d 44 24 20 50 8d 8d 28 03 00 00 e8 e4 ce 15 


Register to memory mapping:

EAX=0x00000000 is an unknown value
EBX=0x00000000 is an unknown value
ECX=0x004ae0d0 is an unknown value
EDX=0x00000002 is an unknown value
ESP=0x0190f140 is pointing into the stack for thread: 0x005dcc00
EBP=0x004a4020 is an unknown value
ESI=0x00000000 is an unknown value
EDI=0x004ae0d0 is an unknown value


Stack: [0x018c0000,0x01910000],  sp=0x0190f140,  free space=316k
Native frames: (J=compiled Java code, j=interpreted, Vv=VM code, C=native code)
C  [jllvm.dll+0x2b9beb]

Java frames: (J=compiled Java code, j=interpreted, Vv=VM code)
j  org.jllvm.bindings.CoreJNI.LLVMBuildGEP(JJJJLjava/lang/String;)J+0
j  org.jllvm.bindings.Core.LLVMBuildGEP(Lorg/jllvm/bindings/LLVMOpaqueBuilder;Lorg/jllvm/bindings/LLVMOpaqueValue;Lorg/jllvm/bindings/LLVMOpaqueValueRefArray;JLjava/lang/String;)Lorg/jllvm/bindings/LLVMOpaqueValue;+15
j  org.jllvm.value.user.instruction.GetElementPointerInstruction.<init>(Lorg/jllvm/InstructionBuilder;Lorg/jllvm/value/Value;[Lorg/jllvm/value/Value;Ljava/lang/String;)V+61
j  com.tajpure.scheme.compiler.llvm.CodeGen.buildDefine(Lcom/tajpure/scheme/compiler/ast/Node;Lcom/tajpure/scheme/compiler/ast/Node;Lcom/tajpure/scheme/compiler/Scope;)Lorg/jllvm/value/Value;+185
j  com.tajpure.scheme.compiler.ast.Define.codegen(Lcom/tajpure/scheme/compiler/Scope;)Lcom/tajpure/scheme/compiler/value/Value;+13
j  com.tajpure.scheme.compiler.ast.Block$$anonfun$codegen$1.apply(Lcom/tajpure/scheme/compiler/ast/Node;)Lcom/tajpure/scheme/compiler/value/Value;+5
j  com.tajpure.scheme.compiler.ast.Block$$anonfun$codegen$1.apply(Ljava/lang/Object;)Ljava/lang/Object;+5
j  scala.collection.immutable.List.map(Lscala/Function1;Lscala/collection/generic/CanBuildFrom;)Ljava/lang/Object;+32
j  com.tajpure.scheme.compiler.ast.Block.codegen(Lcom/tajpure/scheme/compiler/Scope;)Lcom/tajpure/scheme/compiler/value/Value;+28
j  com.tajpure.scheme.compiler.Compiler.compile()V+36
j  com.tajpure.scheme.compiler.Main$.main([Ljava/lang/String;)V+11
j  com.tajpure.scheme.compiler.Main.main([Ljava/lang/String;)V+4
v  ~StubRoutines::call_stub

---------------  P R O C E S S  ---------------

Java Threads: ( => current thread )
  0x014f8c00 JavaThread "Service Thread" daemon [_thread_blocked, id=5264, stack(0x03ce0000,0x03d30000)]
  0x014f4000 JavaThread "C1 CompilerThread0" daemon [_thread_blocked, id=5308, stack(0x03c20000,0x03c70000)]
  0x014e8000 JavaThread "Attach Listener" daemon [_thread_blocked, id=9900, stack(0x03b60000,0x03bb0000)]
  0x014e5000 JavaThread "Signal Dispatcher" daemon [_thread_blocked, id=708, stack(0x03a80000,0x03ad0000)]
  0x01474000 JavaThread "Finalizer" daemon [_thread_blocked, id=8212, stack(0x01930000,0x01980000)]
  0x0146f000 JavaThread "Reference Handler" daemon [_thread_blocked, id=1352, stack(0x03b10000,0x03b60000)]
=>0x005dcc00 JavaThread "main" [_thread_in_native, id=9400, stack(0x018c0000,0x01910000)]

Other Threads:
  0x0146cc00 VMThread [stack: 0x00570000,0x005c0000] [id=5108]
  0x014fa000 WatcherThread [stack: 0x03d80000,0x03dd0000] [id=9548]

VM state:not at safepoint (normal execution)

VM Mutex/Monitor currently owned by a thread: None

Heap
 def new generation   total 4928K, used 2385K [0x27200000, 0x27750000, 0x2c750000)
  eden space 4416K,  54% used [0x27200000, 0x27454600, 0x27650000)
  from space 512K,   0% used [0x27650000, 0x27650000, 0x276d0000)
  to   space 512K,   0% used [0x276d0000, 0x276d0000, 0x27750000)
 tenured generation   total 10944K, used 0K [0x2c750000, 0x2d200000, 0x37200000)
   the space 10944K,   0% used [0x2c750000, 0x2c750000, 0x2c750200, 0x2d200000)
 compacting perm gen  total 12288K, used 2229K [0x37200000, 0x37e00000, 0x3b200000)
   the space 12288K,  18% used [0x37200000, 0x3742d628, 0x3742d800, 0x37e00000)
    ro space 10240K,  44% used [0x3b200000, 0x3b67aee0, 0x3b67b000, 0x3bc00000)
    rw space 12288K,  52% used [0x3bc00000, 0x3c242e10, 0x3c243000, 0x3c800000)

Card table byte_map: [0x00670000,0x00720000] byte_map_base: 0x00537000

Polling page: 0x00240000

Code Cache  [0x019d0000, 0x01a78000, 0x039d0000)
 total_blobs=181 nmethods=34 adapters=85 free_code_cache=32113Kb largest_free_block=32884416

Compilation events (10 events):
Event: 0.168 Thread 0x014f4000   30             sun.misc.MetaIndex::mayContain (51 bytes)
Event: 0.169 Thread 0x014f4000 nmethod 30 0x01a71b88 code [0x01a71cb0, 0x01a71e38]
Event: 0.175 Thread 0x014f4000   31             java.lang.String::getChars (62 bytes)
Event: 0.175 Thread 0x014f4000 nmethod 31 0x01a72048 code [0x01a72180, 0x01a72410]
Event: 0.197 Thread 0x014f4000   32             java.lang.AbstractStringBuilder::append (48 bytes)
Event: 0.198 Thread 0x014f4000 nmethod 32 0x01a72608 code [0x01a72720, 0x01a72848]
Event: 0.202 Thread 0x014f4000   33             java.lang.String::<init> (67 bytes)
Event: 0.203 Thread 0x014f4000 nmethod 33 0x01a72988 code [0x01a72ac0, 0x01a72d00]
Event: 0.203 Thread 0x014f4000   34             java.util.Arrays::copyOfRange (63 bytes)
Event: 0.203 Thread 0x014f4000 nmethod 34 0x01a72ec8 code [0x01a73020, 0x01a733b8]

GC Heap History (0 events):
No events

Deoptimization events (0 events):
No events

Internal exceptions (10 events):
Event: 0.258 Thread 0x005dcc00 Threw 0x27437d30 at C:\re\jdk7u71\1605\hotspot\src\share\vm\prims\jvm.cpp:1281
Event: 0.258 Thread 0x005dcc00 Threw 0x2743a2e8 at C:\re\jdk7u71\1605\hotspot\src\share\vm\prims\jvm.cpp:1281
Event: 0.259 Thread 0x005dcc00 Threw 0x2743bf80 at C:\re\jdk7u71\1605\hotspot\src\share\vm\prims\jvm.cpp:1281
Event: 0.259 Thread 0x005dcc00 Threw 0x2743f1d0 at C:\re\jdk7u71\1605\hotspot\src\share\vm\prims\jvm.cpp:1281
Event: 0.260 Thread 0x005dcc00 Threw 0x27442828 at C:\re\jdk7u71\1605\hotspot\src\share\vm\prims\jvm.cpp:1281
Event: 0.260 Thread 0x005dcc00 Threw 0x27444500 at C:\re\jdk7u71\1605\hotspot\src\share\vm\prims\jvm.cpp:1281
Event: 0.261 Thread 0x005dcc00 Threw 0x27446058 at C:\re\jdk7u71\1605\hotspot\src\share\vm\prims\jvm.cpp:1281
Event: 0.261 Thread 0x005dcc00 Threw 0x274480e0 at C:\re\jdk7u71\1605\hotspot\src\share\vm\prims\jvm.cpp:1281
Event: 0.262 Thread 0x005dcc00 Threw 0x2744a960 at C:\re\jdk7u71\1605\hotspot\src\share\vm\prims\jvm.cpp:1281
Event: 0.263 Thread 0x005dcc00 Threw 0x2744d070 at C:\re\jdk7u71\1605\hotspot\src\share\vm\prims\jvm.cpp:1281

Events (10 events):
Event: 0.260 loading class 0x03f04930
Event: 0.260 loading class 0x03f04930 done
Event: 0.261 loading class 0x03ecd8d0
Event: 0.261 loading class 0x03ecd8d0 done
Event: 0.261 loading class 0x01477810
Event: 0.261 loading class 0x01477810 done
Event: 0.262 loading class 0x03ebc010
Event: 0.262 loading class 0x03ebc010 done
Event: 0.263 loading class 0x03ebc190
Event: 0.263 loading class 0x03ebc190 done


Dynamic libraries:
0x002d0000 - 0x002ff000 	D:\Program Files\Java\jdk1.7.0_71\bin\javaw.exe
0x77850000 - 0x7798c000 	C:\Windows\SYSTEM32\ntdll.dll
0x762f0000 - 0x763c4000 	C:\Windows\system32\kernel32.dll
0x75a60000 - 0x75aab000 	C:\Windows\system32\KERNELBASE.dll
0x76250000 - 0x762f0000 	C:\Windows\system32\ADVAPI32.dll
0x75bd0000 - 0x75c7c000 	C:\Windows\system32\msvcrt.dll
0x77990000 - 0x779a9000 	C:\Windows\SYSTEM32\sechost.dll
0x776a0000 - 0x77742000 	C:\Windows\system32\RPCRT4.dll
0x775d0000 - 0x77699000 	C:\Windows\system32\USER32.dll
0x76610000 - 0x7665e000 	C:\Windows\system32\GDI32.dll
0x75eb0000 - 0x75eba000 	C:\Windows\system32\LPK.dll
0x760a0000 - 0x7613d000 	C:\Windows\system32\USP10.dll
0x74d20000 - 0x74ebe000 	C:\Windows\WinSxS\x86_microsoft.windows.common-controls_6595b64144ccf1df_6.0.7601.17514_none_41e6975e2bd6f2b2\COMCTL32.dll
0x779c0000 - 0x77a17000 	C:\Windows\system32\SHLWAPI.dll
0x75b70000 - 0x75b8f000 	C:\Windows\system32\IMM32.DLL
0x77780000 - 0x7784c000 	C:\Windows\system32\MSCTF.dll
0x757a0000 - 0x757d5000 	C:\Windows\system32\nvinit.dll
0x0f000000 - 0x0f006000 	C:\Program Files\NVIDIA Corporation\CoProcManager\_etoured.dll
0x72750000 - 0x7278d000 	C:\Program Files\NVIDIA Corporation\CoProcManager\nvd3d9wrap.dll
0x75c80000 - 0x75e1d000 	C:\Windows\system32\SETUPAPI.dll
0x75860000 - 0x75887000 	C:\Windows\system32\CFGMGR32.dll
0x75e20000 - 0x75eaf000 	C:\Windows\system32\OLEAUT32.dll
0x76660000 - 0x767bc000 	C:\Windows\system32\ole32.dll
0x75b50000 - 0x75b62000 	C:\Windows\system32\DEVOBJ.dll
0x70920000 - 0x7095b000 	C:\Program Files\NVIDIA Corporation\CoProcManager\nvdxgiwrap.dll
0x70820000 - 0x708df000 	D:\Program Files\Java\jdk1.7.0_71\jre\bin\msvcr100.dll
0x72950000 - 0x72cd9000 	D:\Program Files\Java\jdk1.7.0_71\jre\bin\client\jvm.dll
0x6f030000 - 0x6f037000 	C:\Windows\system32\WSOCK32.dll
0x75b90000 - 0x75bc5000 	C:\Windows\system32\WS2_32.dll
0x779b0000 - 0x779b6000 	C:\Windows\system32\NSI.dll
0x739e0000 - 0x73a12000 	C:\Windows\system32\WINMM.dll
0x76820000 - 0x76825000 	C:\Windows\system32\PSAPI.DLL
0x73950000 - 0x7395c000 	D:\Program Files\Java\jdk1.7.0_71\jre\bin\verify.dll
0x72930000 - 0x72950000 	D:\Program Files\Java\jdk1.7.0_71\jre\bin\java.dll
0x72910000 - 0x72923000 	D:\Program Files\Java\jdk1.7.0_71\jre\bin\zip.dll
0x5d3b0000 - 0x5e286000 	D:\workspace\jllvm\target\classes\org\jllvm\bindings\windows\x86\jllvm.dll
0x6e3c0000 - 0x6e4ab000 	C:\Windows\system32\dbghelp.dll

VM Arguments:
jvm_args: -Dfile.encoding=UTF-8 -Xbootclasspath/a:D:\eclipse\plugins\org.scala-lang.scala-library_2.11.6.v20150224-172222-092690e7bf.jar;D:\eclipse\plugins\org.scala-lang.scala-reflect_2.11.6.v20150224-172222-092690e7bf.jar;D:\eclipse\plugins\org.scala-lang.scala-actors_2.11.6.v20150224-172222-092690e7bf.jar 
java_command: com.tajpure.scheme.compiler.Main D:\workspaceII\SoScheme\test\double.scm
Launcher Type: SUN_STANDARD

Environment Variables:
JAVA_HOME=D:\Program Files\Java\jdk1.7.0_71
CLASSPATH=JAVA_HOME\lib;D:\Program Files\Java\jdk1.7.0_71\lib\tools.jar
PATH=D:/Program Files/Java/jdk1.7.0_71/bin/../jre/bin/client;D:/Program Files/Java/jdk1.7.0_71/bin/../jre/bin;D:/Program Files/Java/jdk1.7.0_71/bin/../jre/lib/i386;D:\Program Files\ARM\ADSv1_2\bin;D:\Program Files\Java\jdk1.7.0_71\bin;D:\App\Application\adt-bundle-windows-x86-20130522\sdk\platform-tools;D:\Program Files (x86)\maven-2.2.1\bin;C:\Windows\system32;C:\Windows;C:\Windows\system32\wbem;D:\App\apache-maven-2.2.1-bin\apache-maven-2.2.1\bin;C:\Program Files\Intel\OpenCL SDK\2.0\bin\x86;C:\Program Files\ThinkPad\Bluetooth Software\;C:\Program Files\Microsoft SQL Server\100\Tools\Binn\;C:\Program Files\Microsoft SQL Server\100\DTS\Binn\;D:\Python34;D:\Program Files\Java\jdk1.7.0_71\bin;C:\Program Files\MySQL\MySQL Server 5.6\bin;D:\Program Files\nodejs\;D:\Program Files\scala\bin;D:\Program Files\Microsoft Visual Studio\Common\Tools\WinNT;D:\Program Files\Microsoft Visual Studio\Common\MSDev98\Bin;D:\Program Files\Microsoft Visual Studio\Common\Tools;D:\Program Files\Microsoft Visual Studio\VC98\bin;D:\App\Application\adt-bundle-windows-x86-20130522\sdk\platform-tools;D:\App\Application\adt-bundle-windows-x86-20130522\sdk\tools;C:\Users\TAOJX\AppData\Roaming\npm;D:\eclipse;
USERNAME=TAOJX
OS=Windows_NT
PROCESSOR_IDENTIFIER=x86 Family 6 Model 42 Stepping 7, GenuineIntel



---------------  S Y S T E M  ---------------

OS: Windows 7 Build 7601 Service Pack 1

CPU:total 4 (2 cores per cpu, 2 threads per core) family 6 model 42 stepping 7, cmov, cx8, fxsr, mmx, sse, sse2, sse3, ssse3, sse4.1, sse4.2, popcnt, avx, ht, tsc, tscinvbit

Memory: 4k page, physical 3056880k(940172k free), swap 6112012k(1923832k free)

vm_info: Java HotSpot(TM) Client VM (24.71-b01) for windows-x86 JRE (1.7.0_71-b14), built on Sep 26 2014 16:30:49 by "java_re" with unknown MS VC++:1600

time: Sun Apr 12 10:15:15 2015
elapsed time: 0 seconds

