#
# A fatal error has been detected by the Java Runtime Environment:
#
#  EXCEPTION_ACCESS_VIOLATION (0xc0000005) at pc=0x1918acde, pid=3312, tid=3528
#
# JRE version: Java(TM) SE Runtime Environment (7.0_72-b14) (build 1.7.0_72-b14)
# Java VM: Java HotSpot(TM) Client VM (24.72-b04 mixed mode windows-x86 )
# Problematic frame:
# C  [jllvm.dll+0x30acde]
#
# Failed to write core dump. Minidumps are not enabled by default on client versions of Windows
#
# If you would like to submit a bug report, please visit:
#   http://bugreport.sun.com/bugreport/crash.jsp
# The crash happened outside the Java Virtual Machine in native code.
# See problematic frame for where to report the bug.
#

---------------  T H R E A D  ---------------

Current thread (0x0027cc00):  JavaThread "main" [_thread_in_native, id=3528, stack(0x00200000,0x00250000)]

siginfo: ExceptionCode=0xc0000005, reading address 0x00000000

Registers:
EAX=0x00000000, EBX=0x006c0364, ECX=0x006c0364, EDX=0x00000001
ESP=0x0024f668, EBP=0x0024f6e8, ESI=0x006c6d20, EDI=0x006c0358
EIP=0x1918acde, EFLAGS=0x00010216

Top of Stack: (sp=0x0024f668)
0x0024f668:   0000001b 006c0358 00000001 00000000
0x0024f678:   006c4cb8 1879ad98 0024f740 006c0358
0x0024f688:   006c0364 0000003c 190e5376 006c6d20
0x0024f698:   00000000 00000000 00000000 0027cd30
0x0024f6a8:   1879ad98 1879ad98 0027cc00 00000103
0x0024f6b8:   1912b161 006c6d20 1879ad98 18e96757
0x0024f6c8:   006c4cb8 006c6d20 1879ad98 0027cc00
0x0024f6d8:   148a0490 148a0490 00000000 00000000 

Instructions: (pc=0x1918acde)
0x1918acbe:   10 00 83 ec 0c 53 56 8b 74 24 18 8b d9 57 ff 74
0x1918acce:   24 28 8b 46 08 8d 7b f4 6a 01 57 6a 1b 8b 40 0c
0x1918acde:   ff 30 e8 cb 59 00 00 56 8b cf c7 03 5c 16 88 19
0x1918acee:   e8 fd 2d dc ff 66 8b 43 06 33 c9 38 4c 24 24 ba 


Register to memory mapping:

EAX=0x00000000 is an unknown value
EBX=0x006c0364 is an unknown value
ECX=0x006c0364 is an unknown value
EDX=0x00000001 is an unknown value
ESP=0x0024f668 is pointing into the stack for thread: 0x0027cc00
EBP=0x0024f6e8 is pointing into the stack for thread: 0x0027cc00
ESI=0x006c6d20 is an unknown value
EDI=0x006c0358 is an unknown value


Stack: [0x00200000,0x00250000],  sp=0x0024f668,  free space=317k
Native frames: (J=compiled Java code, j=interpreted, Vv=VM code, C=native code)
C  [jllvm.dll+0x30acde]
j  org.jllvm.bindings.CoreJNI.LLVMBuildLoad(JJLjava/lang/String;)J+0
j  org.jllvm.bindings.Core.LLVMBuildLoad(Lorg/jllvm/bindings/LLVMOpaqueBuilder;Lorg/jllvm/bindings/LLVMOpaqueValue;Ljava/lang/String;)Lorg/jllvm/bindings/LLVMOpaqueValue;+9
j  org.jllvm.value.user.instruction.LoadInstruction.<init>(Lorg/jllvm/InstructionBuilder;Lorg/jllvm/value/Value;Ljava/lang/String;)V+38
j  org.jllvm.InstructionBuilder.buildLoad(Lorg/jllvm/value/Value;Ljava/lang/String;)Lorg/jllvm/value/user/instruction/LoadInstruction;+7
j  com.tajpure.scheme.compiler.llvm.CodeGen.buildDefine(Lcom/tajpure/scheme/compiler/ast/Node;Lcom/tajpure/scheme/compiler/ast/Node;Lcom/tajpure/scheme/compiler/Scope;)Lorg/jllvm/value/Value;+247
j  com.tajpure.scheme.compiler.ast.Define.codegen(Lcom/tajpure/scheme/compiler/Scope;)Lcom/tajpure/scheme/compiler/value/Value;+13
j  com.tajpure.scheme.compiler.ast.Block$$anonfun$codegen$1.apply(Lcom/tajpure/scheme/compiler/ast/Node;)Lcom/tajpure/scheme/compiler/value/Value;+5
j  com.tajpure.scheme.compiler.ast.Block$$anonfun$codegen$1.apply(Ljava/lang/Object;)Ljava/lang/Object;+5
j  scala.collection.immutable.List.map(Lscala/Function1;Lscala/collection/generic/CanBuildFrom;)Ljava/lang/Object;+32
j  com.tajpure.scheme.compiler.ast.Block.codegen(Lcom/tajpure/scheme/compiler/Scope;)Lcom/tajpure/scheme/compiler/value/Value;+28
j  com.tajpure.scheme.compiler.Compiler.compile()V+36
j  com.tajpure.scheme.compiler.Main$.main([Ljava/lang/String;)V+12
j  com.tajpure.scheme.compiler.Main.main([Ljava/lang/String;)V+4
v  ~StubRoutines::call_stub
V  [jvm.dll+0x141c3a]
V  [jvm.dll+0x20602e]
V  [jvm.dll+0x141cbd]
V  [jvm.dll+0xcb0c5]
V  [jvm.dll+0xd5d87]
C  [javaw.exe+0x2070]
C  [javaw.exe+0xa601]
C  [javaw.exe+0xa68b]
C  [kernel32.dll+0x1338a]
C  [ntdll.dll+0x39f72]
C  [ntdll.dll+0x39f45]

Java frames: (J=compiled Java code, j=interpreted, Vv=VM code)
j  org.jllvm.bindings.CoreJNI.LLVMBuildLoad(JJLjava/lang/String;)J+0
j  org.jllvm.bindings.Core.LLVMBuildLoad(Lorg/jllvm/bindings/LLVMOpaqueBuilder;Lorg/jllvm/bindings/LLVMOpaqueValue;Ljava/lang/String;)Lorg/jllvm/bindings/LLVMOpaqueValue;+9
j  org.jllvm.value.user.instruction.LoadInstruction.<init>(Lorg/jllvm/InstructionBuilder;Lorg/jllvm/value/Value;Ljava/lang/String;)V+38
j  org.jllvm.InstructionBuilder.buildLoad(Lorg/jllvm/value/Value;Ljava/lang/String;)Lorg/jllvm/value/user/instruction/LoadInstruction;+7
j  com.tajpure.scheme.compiler.llvm.CodeGen.buildDefine(Lcom/tajpure/scheme/compiler/ast/Node;Lcom/tajpure/scheme/compiler/ast/Node;Lcom/tajpure/scheme/compiler/Scope;)Lorg/jllvm/value/Value;+247
j  com.tajpure.scheme.compiler.ast.Define.codegen(Lcom/tajpure/scheme/compiler/Scope;)Lcom/tajpure/scheme/compiler/value/Value;+13
j  com.tajpure.scheme.compiler.ast.Block$$anonfun$codegen$1.apply(Lcom/tajpure/scheme/compiler/ast/Node;)Lcom/tajpure/scheme/compiler/value/Value;+5
j  com.tajpure.scheme.compiler.ast.Block$$anonfun$codegen$1.apply(Ljava/lang/Object;)Ljava/lang/Object;+5
j  scala.collection.immutable.List.map(Lscala/Function1;Lscala/collection/generic/CanBuildFrom;)Ljava/lang/Object;+32
j  com.tajpure.scheme.compiler.ast.Block.codegen(Lcom/tajpure/scheme/compiler/Scope;)Lcom/tajpure/scheme/compiler/value/Value;+28
j  com.tajpure.scheme.compiler.Compiler.compile()V+36
j  com.tajpure.scheme.compiler.Main$.main([Ljava/lang/String;)V+12
j  com.tajpure.scheme.compiler.Main.main([Ljava/lang/String;)V+4
v  ~StubRoutines::call_stub

---------------  P R O C E S S  ---------------

Java Threads: ( => current thread )
  0x18679800 JavaThread "Service Thread" daemon [_thread_blocked, id=6552, stack(0x18e30000,0x18e80000)]
  0x18674400 JavaThread "C1 CompilerThread0" daemon [_thread_blocked, id=5516, stack(0x18cc0000,0x18d10000)]
  0x18673000 JavaThread "Attach Listener" daemon [_thread_blocked, id=1704, stack(0x18be0000,0x18c30000)]
  0x18670000 JavaThread "Signal Dispatcher" daemon [_thread_blocked, id=5148, stack(0x188f0000,0x18940000)]
  0x18637400 JavaThread "Finalizer" daemon [_thread_blocked, id=6660, stack(0x18a40000,0x18a90000)]
  0x18632400 JavaThread "Reference Handler" daemon [_thread_blocked, id=7048, stack(0x18a90000,0x18ae0000)]
=>0x0027cc00 JavaThread "main" [_thread_in_native, id=3528, stack(0x00200000,0x00250000)]

Other Threads:
  0x18630000 VMThread [stack: 0x04580000,0x045d0000] [id=6356]
  0x1869c800 WatcherThread [stack: 0x18c70000,0x18cc0000] [id=6456]

VM state:not at safepoint (normal execution)

VM Mutex/Monitor currently owned by a thread: None

Heap
 def new generation   total 4928K, used 2487K [0x04600000, 0x04b50000, 0x09b50000)
  eden space 4416K,  56% used [0x04600000, 0x0486dcc0, 0x04a50000)
  from space 512K,   0% used [0x04a50000, 0x04a50000, 0x04ad0000)
  to   space 512K,   0% used [0x04ad0000, 0x04ad0000, 0x04b50000)
 tenured generation   total 10944K, used 0K [0x09b50000, 0x0a600000, 0x14600000)
   the space 10944K,   0% used [0x09b50000, 0x09b50000, 0x09b50200, 0x0a600000)
 compacting perm gen  total 12288K, used 3808K [0x14600000, 0x15200000, 0x18600000)
   the space 12288K,  30% used [0x14600000, 0x149b8128, 0x149b8200, 0x15200000)
No shared spaces configured.

Card table byte_map: [0x02330000,0x023e0000] byte_map_base: 0x0230d000

Polling page: 0x00130000

Code Cache  [0x02560000, 0x02608000, 0x04560000)
 total_blobs=181 nmethods=34 adapters=85 free_code_cache=32113Kb largest_free_block=32884416

Compilation events (10 events):
Event: 0.137 Thread 0x18674400   30             sun.misc.MetaIndex::mayContain (51 bytes)
Event: 0.138 Thread 0x18674400 nmethod 30 0x02601b88 code [0x02601cb0, 0x02601e38]
Event: 0.141 Thread 0x18674400   31             java.lang.String::getChars (62 bytes)
Event: 0.141 Thread 0x18674400 nmethod 31 0x02602048 code [0x02602180, 0x02602410]
Event: 0.155 Thread 0x18674400   32             java.lang.AbstractStringBuilder::append (48 bytes)
Event: 0.155 Thread 0x18674400 nmethod 32 0x02602608 code [0x02602720, 0x02602848]
Event: 0.157 Thread 0x18674400   33             java.lang.String::<init> (67 bytes)
Event: 0.158 Thread 0x18674400 nmethod 33 0x02602988 code [0x02602ac0, 0x02602d00]
Event: 0.158 Thread 0x18674400   34             java.util.Arrays::copyOfRange (63 bytes)
Event: 0.158 Thread 0x18674400 nmethod 34 0x02602ec8 code [0x02603020, 0x026033b8]

GC Heap History (0 events):
No events

Deoptimization events (0 events):
No events

Internal exceptions (10 events):
Event: 0.159 Thread 0x0027cc00 Threw 0x048403b8 at C:\re\jdk7u72\1606\hotspot\src\share\vm\prims\jvm.cpp:1281
Event: 0.162 Thread 0x0027cc00 Threw 0x048473a8 at C:\re\jdk7u72\1606\hotspot\src\share\vm\prims\jvm.cpp:1281
Event: 0.182 Thread 0x0027cc00 Threw 0x04853650 at C:\re\jdk7u72\1606\hotspot\src\share\vm\prims\jvm.cpp:1281
Event: 0.186 Thread 0x0027cc00 Threw 0x048596a0 at C:\re\jdk7u72\1606\hotspot\src\share\vm\prims\jvm.cpp:1281
Event: 0.188 Thread 0x0027cc00 Threw 0x0485d568 at C:\re\jdk7u72\1606\hotspot\src\share\vm\prims\jvm.cpp:1281
Event: 0.189 Thread 0x0027cc00 Threw 0x0485ec88 at C:\re\jdk7u72\1606\hotspot\src\share\vm\prims\jvm.cpp:1281
Event: 0.189 Thread 0x0027cc00 Threw 0x04860ff0 at C:\re\jdk7u72\1606\hotspot\src\share\vm\prims\jvm.cpp:1281
Event: 0.190 Thread 0x0027cc00 Threw 0x04862d80 at C:\re\jdk7u72\1606\hotspot\src\share\vm\prims\jvm.cpp:1281
Event: 0.190 Thread 0x0027cc00 Threw 0x04865430 at C:\re\jdk7u72\1606\hotspot\src\share\vm\prims\jvm.cpp:1281
Event: 0.190 Thread 0x0027cc00 Threw 0x04867d10 at C:\re\jdk7u72\1606\hotspot\src\share\vm\prims\jvm.cpp:1281

Events (10 events):
Event: 0.189 loading class 0x1877b7c0
Event: 0.189 loading class 0x1877b7c0 done
Event: 0.189 loading class 0x1878e4f0
Event: 0.189 loading class 0x1878e4f0 done
Event: 0.190 loading class 0x1877d808
Event: 0.190 loading class 0x1877d808 done
Event: 0.190 loading class 0x1877d748
Event: 0.190 loading class 0x1877d748 done
Event: 0.190 loading class 0x186b6328
Event: 0.190 loading class 0x186b6328 done


Dynamic libraries:
0x001b0000 - 0x001df000 	C:\Program Files (x86)\Java\jre7\bin\javaw.exe
0x77760000 - 0x778e0000 	C:\Windows\SysWOW64\ntdll.dll
0x76570000 - 0x76680000 	C:\Windows\syswow64\kernel32.dll
0x771d0000 - 0x77217000 	C:\Windows\syswow64\KERNELBASE.dll
0x76430000 - 0x764d0000 	C:\Windows\syswow64\ADVAPI32.dll
0x76f80000 - 0x7702c000 	C:\Windows\syswow64\msvcrt.dll
0x76ba0000 - 0x76bb9000 	C:\Windows\SysWOW64\sechost.dll
0x76c20000 - 0x76d10000 	C:\Windows\syswow64\RPCRT4.dll
0x74c60000 - 0x74cc0000 	C:\Windows\syswow64\SspiCli.dll
0x74c50000 - 0x74c5c000 	C:\Windows\syswow64\CRYPTBASE.dll
0x76d10000 - 0x76e10000 	C:\Windows\syswow64\USER32.dll
0x76220000 - 0x762b0000 	C:\Windows\syswow64\GDI32.dll
0x76080000 - 0x7608a000 	C:\Windows\syswow64\LPK.dll
0x760c0000 - 0x7615d000 	C:\Windows\syswow64\USP10.dll
0x71980000 - 0x71b1e000 	C:\Windows\WinSxS\x86_microsoft.windows.common-controls_6595b64144ccf1df_6.0.7601.17514_none_41e6975e2bd6f2b2\COMCTL32.dll
0x74cd0000 - 0x74d27000 	C:\Windows\syswow64\SHLWAPI.dll
0x76bc0000 - 0x76c20000 	C:\Windows\system32\IMM32.DLL
0x75d60000 - 0x75e2c000 	C:\Windows\syswow64\MSCTF.dll
0x59dd0000 - 0x59e8f000 	C:\Program Files (x86)\Java\jre7\bin\msvcr100.dll
0x51750000 - 0x51ad8000 	C:\Program Files (x86)\Java\jre7\bin\client\jvm.dll
0x74ac0000 - 0x74ac7000 	C:\Windows\system32\WSOCK32.dll
0x763f0000 - 0x76425000 	C:\Windows\syswow64\WS2_32.dll
0x74cc0000 - 0x74cc6000 	C:\Windows\syswow64\NSI.dll
0x75010000 - 0x75042000 	C:\Windows\syswow64\WINMM.dll
0x76200000 - 0x76205000 	C:\Windows\syswow64\PSAPI.DLL
0x6d380000 - 0x6d38c000 	C:\Program Files (x86)\Java\jre7\bin\verify.dll
0x5f210000 - 0x5f230000 	C:\Program Files (x86)\Java\jre7\bin\java.dll
0x5e4b0000 - 0x5e4c3000 	C:\Program Files (x86)\Java\jre7\bin\zip.dll
0x18e80000 - 0x19d56000 	D:\workspace\workspace6\jllvm\target\classes\org\jllvm\bindings\windows\x86\jllvm.dll
0x715d0000 - 0x716bb000 	C:\Windows\system32\dbghelp.dll

VM Arguments:
jvm_args: -Dfile.encoding=UTF-8 -Xbootclasspath/p:D:\Application\eclipse.scala\plugins\org.scala-lang.scala-library_2.11.5.v20150101-184742-3fafbc204f.jar;D:\Application\eclipse.scala\plugins\org.scala-lang.scala-reflect_2.11.5.v20150101-184742-3fafbc204f.jar;D:\Application\eclipse.scala\plugins\org.scala-lang.scala-actors_2.11.5.v20150101-184742-3fafbc204f.jar 
java_command: com.tajpure.scheme.compiler.Main D:\workspace\workspace11\SoScheme\test\double.scm
Launcher Type: SUN_STANDARD

Environment Variables:
JAVA_HOME=C:\Program Files (x86)\Java\jdk1.7.0_72
CLASSPATH=.;C:\Program Files (x86)\Java\jdk1.7.0_72\lib;C:\Program Files (x86)\Java\jdk1.7.0_72\lib\tools.jar
PATH=C:\Program Files (x86)\Chez Scheme Version 8.4\bin\a6nt;C:\Program Files (x86)\Common Files\NetSarang;C:\Windows\system32;C:\Windows;C:\Windows\System32\Wbem;C:\Windows\System32\WindowsPowerShell\v1.0\;C:\Program Files (x86)\Windows7Master;C:\Program Files (x86)\Java\jdk1.7.0_72\bin;C:\Program Files (x86)\Java\jdk1.7.0_72\jre\bin;D:\Program Files\maven-2.2.1\bin;C:\Program Files\Microsoft SQL Server\110\Tools\Binn\;D:\mingw32\bin;D:\swigwin;D:\Program Files (x86)\Microsoft Visual Studio 12.0\VC\bin;D:\MinGW\bin;D:\Python27;D:\Program Files (x86)\LLVM\bin;D:\Program Files\nodejs\;D:\Program Files (x86)\Racket;D:\Program Files (x86)\Git\bin;C:\Program Files (x86)\Chez Scheme Version 8.4\bin\a6nt;D:\Program Files\MySQL\MySQL Server 5.6\bin;D:\Program Files\apache-ant-1.9.4\bin;D:\Application\adt-bundle-windows-x86_64-20140702\sdk\tools;D:\Application\adt-bundle-windows-x86_64-20140702\sdk\platform-tools;D:\Program Files\TortoiseSVN\bin;D:\Program Files (x86)\Tesseract-OCR;D:\Program Files (x86)\scala\bin;C:\play-2.2.6;d:\Program Files (x86)\OpenSSH\bin;D:\Program Files\Mercurial\;C:\Users\Administrator\AppData\Roaming\npm
USERNAME=Administrator
OS=Windows_NT
PROCESSOR_IDENTIFIER=Intel64 Family 6 Model 42 Stepping 7, GenuineIntel



---------------  S Y S T E M  ---------------

OS: Windows 7 , 64 bit Build 7601 Service Pack 1

CPU:total 4 (4 cores per cpu, 1 threads per core) family 6 model 42 stepping 7, cmov, cx8, fxsr, mmx, sse, sse2, sse3, ssse3, sse4.1, sse4.2, popcnt, avx, aes, tsc, tscinvbit

Memory: 4k page, physical 4177136k(907748k free), swap 8352416k(2532076k free)

vm_info: Java HotSpot(TM) Client VM (24.72-b04) for windows-x86 JRE (1.7.0_72-b14), built on Sep 26 2014 20:59:14 by "java_re" with unknown MS VC++:1600

time: Thu Apr 09 15:48:06 2015
elapsed time: 0 seconds

