#
# A fatal error has been detected by the Java Runtime Environment:
#
#  EXCEPTION_ACCESS_VIOLATION (0xc0000005) at pc=0x5cca9beb, pid=4508, tid=7152
#
# JRE version: Java(TM) SE Runtime Environment (7.0_71-b14) (build 1.7.0_71-b14)
# Java VM: Java HotSpot(TM) Client VM (24.71-b01 mixed mode, sharing windows-x86 )
# Problematic frame:
# C  [jllvm.dll+0x2b9beb]
#
# Failed to write core dump. Minidumps are not enabled by default on client versions of Windows
#
# If you would like to submit a bug report, please visit:
#   http://bugreport.sun.com/bugreport/crash.jsp
# The crash happened outside the Java Virtual Machine in native code.
# See problematic frame for where to report the bug.
#

---------------  T H R E A D  ---------------

Current thread (0x0047cc00):  JavaThread "main" [_thread_in_native, id=7152, stack(0x00420000,0x00470000)]

siginfo: ExceptionCode=0xc0000005, reading address 0x00000000

Registers:
EAX=0x00000000, EBX=0x00000000, ECX=0x0028e0d0, EDX=0x00000002
ESP=0x0046f4e0, EBP=0x00284020, ESI=0x00000000, EDI=0x0028e0d0
EIP=0x5cca9beb, EFLAGS=0x00010206

Top of Stack: (sp=0x0046f4e0)
0x0046f4e0:   0028e0d0 00000000 00284020 0028c110
0x0046f4f0:   00000001 5cac7f0b 5cac7f1e 00000000
0x0046f500:   00000000 0028a120 00000001 00284020
0x0046f510:   00283fd0 5cc6f979 00284020 0028a120
0x0046f520:   00000001 00000002 0046f540 00000000
0x0046f530:   0047cd30 03f58408 0046f598 0046f5fc
0x0046f540:   0046f984 72be634e e1750101 5cc9abc9
0x0046f550:   00284020 0028a120 00000001 0046f560 

Instructions: (pc=0x5cca9beb)
0x5cca9bcb:   05 05 05 05 05 05 05 05 05 05 05 05 05 05 05 05
0x5cca9bdb:   05 05 05 05 04 83 ec 08 53 8b 5c 24 10 55 56 57
0x5cca9beb:   8b 03 8b 7c 24 20 8b 28 85 ff 75 48 8d 44 24 20
0x5cca9bfb:   50 8d 44 24 20 50 8d 8d 28 03 00 00 e8 e4 ce 15 


Register to memory mapping:

EAX=0x00000000 is an unknown value
EBX=0x00000000 is an unknown value
ECX=0x0028e0d0 is an unknown value
EDX=0x00000002 is an unknown value
ESP=0x0046f4e0 is pointing into the stack for thread: 0x0047cc00
EBP=0x00284020 is an unknown value
ESI=0x00000000 is an unknown value
EDI=0x0028e0d0 is an unknown value


Stack: [0x00420000,0x00470000],  sp=0x0046f4e0,  free space=317k
Native frames: (J=compiled Java code, j=interpreted, Vv=VM code, C=native code)
C  [jllvm.dll+0x2b9beb]

Java frames: (J=compiled Java code, j=interpreted, Vv=VM code)
j  org.jllvm.bindings.CoreJNI.LLVMBuildGEP(JJJJLjava/lang/String;)J+0
j  org.jllvm.bindings.Core.LLVMBuildGEP(Lorg/jllvm/bindings/LLVMOpaqueBuilder;Lorg/jllvm/bindings/LLVMOpaqueValue;Lorg/jllvm/bindings/LLVMOpaqueValueRefArray;JLjava/lang/String;)Lorg/jllvm/bindings/LLVMOpaqueValue;+15
j  org.jllvm.value.user.instruction.GetElementPointerInstruction.<init>(Lorg/jllvm/InstructionBuilder;Lorg/jllvm/value/Value;[Lorg/jllvm/value/Value;Ljava/lang/String;)V+61
j  com.tajpure.scheme.compiler.llvm.CodeGen.buildDefine(Lcom/tajpure/scheme/compiler/ast/Node;Lcom/tajpure/scheme/compiler/ast/Node;Lcom/tajpure/scheme/compiler/Scope;)Lorg/jllvm/value/Value;+185
j  com.tajpure.scheme.compiler.ast.Define.codegen(Lcom/tajpure/scheme/compiler/Scope;)Lcom/tajpure/scheme/compiler/value/Value;+13
j  com.tajpure.scheme.compiler.ast.Block$$anonfun$codegen$1.apply(Lcom/tajpure/scheme/compiler/ast/Node;)Lcom/tajpure/scheme/compiler/value/Value;+5
j  com.tajpure.scheme.compiler.ast.Block$$anonfun$codegen$1.apply(Ljava/lang/Object;)Ljava/lang/Object;+5
j  scala.collection.immutable.List.map(Lscala/Function1;Lscala/collection/generic/CanBuildFrom;)Ljava/lang/Object;+32
j  com.tajpure.scheme.compiler.ast.Block.codegen(Lcom/tajpure/scheme/compiler/Scope;)Lcom/tajpure/scheme/compiler/value/Value;+28
j  com.tajpure.scheme.compiler.Compiler.compile()V+36
j  com.tajpure.scheme.compiler.Main$.main([Ljava/lang/String;)V+11
j  com.tajpure.scheme.compiler.Main.main([Ljava/lang/String;)V+4
v  ~StubRoutines::call_stub

---------------  P R O C E S S  ---------------

Java Threads: ( => current thread )
  0x00896800 JavaThread "Service Thread" daemon [_thread_blocked, id=10188, stack(0x019f0000,0x01a40000)]
  0x00894000 JavaThread "C1 CompilerThread0" daemon [_thread_blocked, id=9448, stack(0x03df0000,0x03e40000)]
  0x00886000 JavaThread "Attach Listener" daemon [_thread_blocked, id=8676, stack(0x03b30000,0x03b80000)]
  0x00885000 JavaThread "Signal Dispatcher" daemon [_thread_blocked, id=9924, stack(0x03d20000,0x03d70000)]
  0x00810400 JavaThread "Finalizer" daemon [_thread_blocked, id=8996, stack(0x03c50000,0x03ca0000)]
  0x0080f000 JavaThread "Reference Handler" daemon [_thread_blocked, id=9376, stack(0x03ba0000,0x03bf0000)]
=>0x0047cc00 JavaThread "main" [_thread_in_native, id=7152, stack(0x00420000,0x00470000)]

Other Threads:
  0x0080cc00 VMThread [stack: 0x01970000,0x019c0000] [id=7188]
  0x03e48c00 WatcherThread [stack: 0x03c00000,0x03c50000] [id=8568]

VM state:not at safepoint (normal execution)

VM Mutex/Monitor currently owned by a thread: None

Heap
 def new generation   total 4928K, used 2306K [0x27200000, 0x27750000, 0x2c750000)
  eden space 4416K,  52% used [0x27200000, 0x27440be8, 0x27650000)
  from space 512K,   0% used [0x27650000, 0x27650000, 0x276d0000)
  to   space 512K,   0% used [0x276d0000, 0x276d0000, 0x27750000)
 tenured generation   total 10944K, used 0K [0x2c750000, 0x2d200000, 0x37200000)
   the space 10944K,   0% used [0x2c750000, 0x2c750000, 0x2c750200, 0x2d200000)
 compacting perm gen  total 12288K, used 2229K [0x37200000, 0x37e00000, 0x3b200000)
   the space 12288K,  18% used [0x37200000, 0x3742d628, 0x3742d800, 0x37e00000)
    ro space 10240K,  44% used [0x3b200000, 0x3b67aee0, 0x3b67b000, 0x3bc00000)
    rw space 12288K,  52% used [0x3bc00000, 0x3c242e10, 0x3c243000, 0x3c800000)

Card table byte_map: [0x00950000,0x00a00000] byte_map_base: 0x00817000

Polling page: 0x00120000

Code Cache  [0x01ae0000, 0x01b88000, 0x03ae0000)
 total_blobs=181 nmethods=34 adapters=85 free_code_cache=32113Kb largest_free_block=32884416

Compilation events (10 events):
Event: 0.148 Thread 0x00894000   30             sun.misc.MetaIndex::mayContain (51 bytes)
Event: 0.148 Thread 0x00894000 nmethod 30 0x01b80f48 code [0x01b81070, 0x01b811f8]
Event: 0.154 Thread 0x00894000   31             java.lang.String::getChars (62 bytes)
Event: 0.155 Thread 0x00894000 nmethod 31 0x01b82048 code [0x01b82180, 0x01b82410]
Event: 0.174 Thread 0x00894000   32             java.lang.AbstractStringBuilder::append (48 bytes)
Event: 0.175 Thread 0x00894000 nmethod 32 0x01b82608 code [0x01b82720, 0x01b82848]
Event: 0.180 Thread 0x00894000   33             java.lang.String::<init> (67 bytes)
Event: 0.180 Thread 0x00894000 nmethod 33 0x01b82988 code [0x01b82ac0, 0x01b82d00]
Event: 0.180 Thread 0x00894000   34             java.util.Arrays::copyOfRange (63 bytes)
Event: 0.181 Thread 0x00894000 nmethod 34 0x01b82ec8 code [0x01b83020, 0x01b833b8]

GC Heap History (0 events):
No events

Deoptimization events (0 events):
No events

Internal exceptions (10 events):
Event: 0.221 Thread 0x0047cc00 Threw 0x27422088 at C:\re\jdk7u71\1605\hotspot\src\share\vm\prims\jvm.cpp:1281
Event: 0.222 Thread 0x0047cc00 Threw 0x27424318 at C:\re\jdk7u71\1605\hotspot\src\share\vm\prims\jvm.cpp:1281
Event: 0.223 Thread 0x0047cc00 Threw 0x274267d0 at C:\re\jdk7u71\1605\hotspot\src\share\vm\prims\jvm.cpp:1281
Event: 0.223 Thread 0x0047cc00 Threw 0x27428468 at C:\re\jdk7u71\1605\hotspot\src\share\vm\prims\jvm.cpp:1281
Event: 0.224 Thread 0x0047cc00 Threw 0x2742b7b8 at C:\re\jdk7u71\1605\hotspot\src\share\vm\prims\jvm.cpp:1281
Event: 0.224 Thread 0x0047cc00 Threw 0x2742ee10 at C:\re\jdk7u71\1605\hotspot\src\share\vm\prims\jvm.cpp:1281
Event: 0.225 Thread 0x0047cc00 Threw 0x27430ae8 at C:\re\jdk7u71\1605\hotspot\src\share\vm\prims\jvm.cpp:1281
Event: 0.225 Thread 0x0047cc00 Threw 0x27432640 at C:\re\jdk7u71\1605\hotspot\src\share\vm\prims\jvm.cpp:1281
Event: 0.226 Thread 0x0047cc00 Threw 0x274346b8 at C:\re\jdk7u71\1605\hotspot\src\share\vm\prims\jvm.cpp:1281
Event: 0.226 Thread 0x0047cc00 Threw 0x27436dc8 at C:\re\jdk7u71\1605\hotspot\src\share\vm\prims\jvm.cpp:1281

Events (10 events):
Event: 0.224 loading class 0x03f43aa8
Event: 0.224 loading class 0x03f43aa8 done
Event: 0.225 loading class 0x03f88408
Event: 0.225 loading class 0x03f88408 done
Event: 0.225 loading class 0x03f91330
Event: 0.225 loading class 0x03f91330 done
Event: 0.226 loading class 0x03f434e8
Event: 0.226 loading class 0x03f434e8 done
Event: 0.226 loading class 0x03f43668
Event: 0.226 loading class 0x03f43668 done


Dynamic libraries:
0x00a20000 - 0x00a4f000 	D:\Program Files\Java\jdk1.7.0_71\bin\javaw.exe
0x77850000 - 0x7798c000 	C:\Windows\SYSTEM32\ntdll.dll
0x762f0000 - 0x763c4000 	C:\Windows\system32\kernel32.dll
0x75a60000 - 0x75aab000 	C:\Windows\system32\KERNELBASE.dll
0x76250000 - 0x762f0000 	C:\Windows\system32\ADVAPI32.dll
0x75bd0000 - 0x75c7c000 	C:\Windows\system32\msvcrt.dll
0x77990000 - 0x779a9000 	C:\Windows\SYSTEM32\sechost.dll
0x776a0000 - 0x77742000 	C:\Windows\system32\RPCRT4.dll
0x775d0000 - 0x77699000 	C:\Windows\system32\USER32.dll
0x76610000 - 0x7665e000 	C:\Windows\system32\GDI32.dll
0x75eb0000 - 0x75eba000 	C:\Windows\system32\LPK.dll
0x760a0000 - 0x7613d000 	C:\Windows\system32\USP10.dll
0x74d20000 - 0x74ebe000 	C:\Windows\WinSxS\x86_microsoft.windows.common-controls_6595b64144ccf1df_6.0.7601.17514_none_41e6975e2bd6f2b2\COMCTL32.dll
0x779c0000 - 0x77a17000 	C:\Windows\system32\SHLWAPI.dll
0x75b70000 - 0x75b8f000 	C:\Windows\system32\IMM32.DLL
0x77780000 - 0x7784c000 	C:\Windows\system32\MSCTF.dll
0x757a0000 - 0x757d5000 	C:\Windows\system32\nvinit.dll
0x0f000000 - 0x0f006000 	C:\Program Files\NVIDIA Corporation\CoProcManager\_etoured.dll
0x72750000 - 0x7278d000 	C:\Program Files\NVIDIA Corporation\CoProcManager\nvd3d9wrap.dll
0x75c80000 - 0x75e1d000 	C:\Windows\system32\SETUPAPI.dll
0x75860000 - 0x75887000 	C:\Windows\system32\CFGMGR32.dll
0x75e20000 - 0x75eaf000 	C:\Windows\system32\OLEAUT32.dll
0x76660000 - 0x767bc000 	C:\Windows\system32\ole32.dll
0x75b50000 - 0x75b62000 	C:\Windows\system32\DEVOBJ.dll
0x70920000 - 0x7095b000 	C:\Program Files\NVIDIA Corporation\CoProcManager\nvdxgiwrap.dll
0x72d50000 - 0x72e0f000 	D:\Program Files\Java\jdk1.7.0_71\jre\bin\msvcr100.dll
0x72950000 - 0x72cd9000 	D:\Program Files\Java\jdk1.7.0_71\jre\bin\client\jvm.dll
0x6f030000 - 0x6f037000 	C:\Windows\system32\WSOCK32.dll
0x75b90000 - 0x75bc5000 	C:\Windows\system32\WS2_32.dll
0x779b0000 - 0x779b6000 	C:\Windows\system32\NSI.dll
0x739e0000 - 0x73a12000 	C:\Windows\system32\WINMM.dll
0x76820000 - 0x76825000 	C:\Windows\system32\PSAPI.DLL
0x73950000 - 0x7395c000 	D:\Program Files\Java\jdk1.7.0_71\jre\bin\verify.dll
0x72930000 - 0x72950000 	D:\Program Files\Java\jdk1.7.0_71\jre\bin\java.dll
0x72910000 - 0x72923000 	D:\Program Files\Java\jdk1.7.0_71\jre\bin\zip.dll
0x5c9f0000 - 0x5d8c6000 	D:\workspace\jllvm\target\classes\org\jllvm\bindings\windows\x86\jllvm.dll
0x6e3c0000 - 0x6e4ab000 	C:\Windows\system32\dbghelp.dll

VM Arguments:
jvm_args: -Dfile.encoding=UTF-8 -Xbootclasspath/a:D:\eclipse\plugins\org.scala-lang.scala-library_2.11.6.v20150224-172222-092690e7bf.jar;D:\eclipse\plugins\org.scala-lang.scala-reflect_2.11.6.v20150224-172222-092690e7bf.jar;D:\eclipse\plugins\org.scala-lang.scala-actors_2.11.6.v20150224-172222-092690e7bf.jar 
java_command: com.tajpure.scheme.compiler.Main D:\workspaceII\SoScheme\test\double.scm
Launcher Type: SUN_STANDARD

Environment Variables:
JAVA_HOME=D:\Program Files\Java\jdk1.7.0_71
CLASSPATH=JAVA_HOME\lib;D:\Program Files\Java\jdk1.7.0_71\lib\tools.jar
PATH=D:/Program Files/Java/jdk1.7.0_71/bin/../jre/bin/client;D:/Program Files/Java/jdk1.7.0_71/bin/../jre/bin;D:/Program Files/Java/jdk1.7.0_71/bin/../jre/lib/i386;D:\Program Files\ARM\ADSv1_2\bin;D:\Program Files\Java\jdk1.7.0_71\bin;D:\App\Application\adt-bundle-windows-x86-20130522\sdk\platform-tools;D:\Program Files (x86)\maven-2.2.1\bin;C:\Windows\system32;C:\Windows;C:\Windows\system32\wbem;D:\App\apache-maven-2.2.1-bin\apache-maven-2.2.1\bin;C:\Program Files\Intel\OpenCL SDK\2.0\bin\x86;C:\Program Files\ThinkPad\Bluetooth Software\;C:\Program Files\Microsoft SQL Server\100\Tools\Binn\;C:\Program Files\Microsoft SQL Server\100\DTS\Binn\;D:\Python34;D:\Program Files\Java\jdk1.7.0_71\bin;C:\Program Files\MySQL\MySQL Server 5.6\bin;D:\Program Files\nodejs\;D:\Program Files\scala\bin;D:\Program Files\Microsoft Visual Studio\Common\Tools\WinNT;D:\Program Files\Microsoft Visual Studio\Common\MSDev98\Bin;D:\Program Files\Microsoft Visual Studio\Common\Tools;D:\Program Files\Microsoft Visual Studio\VC98\bin;D:\App\Application\adt-bundle-windows-x86-20130522\sdk\platform-tools;D:\App\Application\adt-bundle-windows-x86-20130522\sdk\tools;C:\Users\TAOJX\AppData\Roaming\npm;D:\eclipse;
USERNAME=TAOJX
OS=Windows_NT
PROCESSOR_IDENTIFIER=x86 Family 6 Model 42 Stepping 7, GenuineIntel



---------------  S Y S T E M  ---------------

OS: Windows 7 Build 7601 Service Pack 1

CPU:total 4 (2 cores per cpu, 2 threads per core) family 6 model 42 stepping 7, cmov, cx8, fxsr, mmx, sse, sse2, sse3, ssse3, sse4.1, sse4.2, popcnt, avx, ht, tsc, tscinvbit

Memory: 4k page, physical 3056880k(934216k free), swap 6112012k(1934788k free)

vm_info: Java HotSpot(TM) Client VM (24.71-b01) for windows-x86 JRE (1.7.0_71-b14), built on Sep 26 2014 16:30:49 by "java_re" with unknown MS VC++:1600

time: Sun Apr 12 10:20:45 2015
elapsed time: 0 seconds

