#
# A fatal error has been detected by the Java Runtime Environment:
#
#  EXCEPTION_ACCESS_VIOLATION (0xc0000005) at pc=0x5217acde, pid=2452, tid=8992
#
# JRE version: Java(TM) SE Runtime Environment (7.0_71-b14) (build 1.7.0_71-b14)
# Java VM: Java HotSpot(TM) Client VM (24.71-b01 mixed mode windows-x86 )
# Problematic frame:
# C  [jllvm.dll+0x30acde]
#
# Failed to write core dump. Minidumps are not enabled by default on client versions of Windows
#
# If you would like to submit a bug report, please visit:
#   http://bugreport.sun.com/bugreport/crash.jsp
# The crash happened outside the Java Virtual Machine in native code.
# See problematic frame for where to report the bug.
#

---------------  T H R E A D  ---------------

Current thread (0x01add000):  JavaThread "main" [_thread_in_native, id=8992, stack(0x005d0000,0x00620000)]

siginfo: ExceptionCode=0xc0000005, reading address 0x00000000

Registers:
EAX=0x00000000, EBX=0x0034189c, ECX=0x0034189c, EDX=0x00000001
ESP=0x0061f348, EBP=0x0061f3c8, ESI=0x00359d38, EDI=0x00341890
EIP=0x5217acde, EFLAGS=0x00010212

Top of Stack: (sp=0x0061f348)
0x0061f348:   0000001b 00341890 00000001 00000000
0x0061f358:   00352b28 03c989b0 0061f424 00341890
0x0061f368:   0034189c 0000003c 520d5376 00359d38
0x0061f378:   00000000 00000000 00000000 01add130
0x0061f388:   03c989b0 03c989b0 01add000 00000103
0x0061f398:   5211b161 00359d38 03c989b0 51e86757
0x0061f3a8:   00352b28 00359d38 03c989b0 01add000
0x0061f3b8:   1f4bc1a8 1f4bc1a8 00000000 00000000 

Instructions: (pc=0x5217acde)
0x5217acbe:   10 00 83 ec 0c 53 56 8b 74 24 18 8b d9 57 ff 74
0x5217acce:   24 28 8b 46 08 8d 7b f4 6a 01 57 6a 1b 8b 40 0c
0x5217acde:   ff 30 e8 cb 59 00 00 56 8b cf c7 03 5c 16 87 52
0x5217acee:   e8 fd 2d dc ff 66 8b 43 06 33 c9 38 4c 24 24 ba 


Register to memory mapping:

EAX=0x00000000 is an unknown value
EBX=0x0034189c is an unknown value
ECX=0x0034189c is an unknown value
EDX=0x00000001 is an unknown value
ESP=0x0061f348 is pointing into the stack for thread: 0x01add000
EBP=0x0061f3c8 is pointing into the stack for thread: 0x01add000
ESI=0x00359d38 is an unknown value
EDI=0x00341890 is an unknown value


Stack: [0x005d0000,0x00620000],  sp=0x0061f348,  free space=316k
Native frames: (J=compiled Java code, j=interpreted, Vv=VM code, C=native code)
C  [jllvm.dll+0x30acde]
j  org.jllvm.bindings.CoreJNI.LLVMBuildLoad(JJLjava/lang/String;)J+0
j  org.jllvm.bindings.Core.LLVMBuildLoad(Lorg/jllvm/bindings/LLVMOpaqueBuilder;Lorg/jllvm/bindings/LLVMOpaqueValue;Ljava/lang/String;)Lorg/jllvm/bindings/LLVMOpaqueValue;+9
j  org.jllvm.value.user.instruction.LoadInstruction.<init>(Lorg/jllvm/InstructionBuilder;Lorg/jllvm/value/Value;Ljava/lang/String;)V+38
j  org.jllvm.InstructionBuilder.buildLoad(Lorg/jllvm/value/Value;Ljava/lang/String;)Lorg/jllvm/value/user/instruction/LoadInstruction;+7
j  com.tajpure.scheme.compiler.llvm.CodeGen.buildDefine(Lcom/tajpure/scheme/compiler/ast/Node;Lcom/tajpure/scheme/compiler/ast/Node;Lcom/tajpure/scheme/compiler/Scope;)Lorg/jllvm/value/Value;+186
j  com.tajpure.scheme.compiler.ast.Define.codegen(Lcom/tajpure/scheme/compiler/Scope;)Lcom/tajpure/scheme/compiler/value/Value;+13
j  com.tajpure.scheme.compiler.ast.Block$$anonfun$codegen$1.apply(Lcom/tajpure/scheme/compiler/ast/Node;)Lcom/tajpure/scheme/compiler/value/Value;+5
j  com.tajpure.scheme.compiler.ast.Block$$anonfun$codegen$1.apply(Ljava/lang/Object;)Ljava/lang/Object;+5
j  scala.collection.immutable.List.map(Lscala/Function1;Lscala/collection/generic/CanBuildFrom;)Ljava/lang/Object;+32
j  com.tajpure.scheme.compiler.ast.Block.codegen(Lcom/tajpure/scheme/compiler/Scope;)Lcom/tajpure/scheme/compiler/value/Value;+28
j  com.tajpure.scheme.compiler.Compiler.compile()V+36
j  com.tajpure.scheme.compiler.Main$.main([Ljava/lang/String;)V+11
j  com.tajpure.scheme.compiler.Main.main([Ljava/lang/String;)V+4
v  ~StubRoutines::call_stub
V  [jvm.dll+0x141eda]
V  [jvm.dll+0x2061ee]
V  [jvm.dll+0x141f5d]
V  [jvm.dll+0xcb245]
V  [jvm.dll+0xd5ee7]
C  [javaw.exe+0x2070]
C  [javaw.exe+0xa601]
C  [javaw.exe+0xa68b]
C  [kernel32.dll+0x4ee1c]
C  [ntdll.dll+0x637eb]
C  [ntdll.dll+0x637be]

Java frames: (J=compiled Java code, j=interpreted, Vv=VM code)
j  org.jllvm.bindings.CoreJNI.LLVMBuildLoad(JJLjava/lang/String;)J+0
j  org.jllvm.bindings.Core.LLVMBuildLoad(Lorg/jllvm/bindings/LLVMOpaqueBuilder;Lorg/jllvm/bindings/LLVMOpaqueValue;Ljava/lang/String;)Lorg/jllvm/bindings/LLVMOpaqueValue;+9
j  org.jllvm.value.user.instruction.LoadInstruction.<init>(Lorg/jllvm/InstructionBuilder;Lorg/jllvm/value/Value;Ljava/lang/String;)V+38
j  org.jllvm.InstructionBuilder.buildLoad(Lorg/jllvm/value/Value;Ljava/lang/String;)Lorg/jllvm/value/user/instruction/LoadInstruction;+7
j  com.tajpure.scheme.compiler.llvm.CodeGen.buildDefine(Lcom/tajpure/scheme/compiler/ast/Node;Lcom/tajpure/scheme/compiler/ast/Node;Lcom/tajpure/scheme/compiler/Scope;)Lorg/jllvm/value/Value;+186
j  com.tajpure.scheme.compiler.ast.Define.codegen(Lcom/tajpure/scheme/compiler/Scope;)Lcom/tajpure/scheme/compiler/value/Value;+13
j  com.tajpure.scheme.compiler.ast.Block$$anonfun$codegen$1.apply(Lcom/tajpure/scheme/compiler/ast/Node;)Lcom/tajpure/scheme/compiler/value/Value;+5
j  com.tajpure.scheme.compiler.ast.Block$$anonfun$codegen$1.apply(Ljava/lang/Object;)Ljava/lang/Object;+5
j  scala.collection.immutable.List.map(Lscala/Function1;Lscala/collection/generic/CanBuildFrom;)Ljava/lang/Object;+32
j  com.tajpure.scheme.compiler.ast.Block.codegen(Lcom/tajpure/scheme/compiler/Scope;)Lcom/tajpure/scheme/compiler/value/Value;+28
j  com.tajpure.scheme.compiler.Compiler.compile()V+36
j  com.tajpure.scheme.compiler.Main$.main([Ljava/lang/String;)V+11
j  com.tajpure.scheme.compiler.Main.main([Ljava/lang/String;)V+4
v  ~StubRoutines::call_stub

---------------  P R O C E S S  ---------------

Java Threads: ( => current thread )
  0x03b60800 JavaThread "Service Thread" daemon [_thread_blocked, id=1916, stack(0x040f0000,0x04140000)]
  0x03b5dc00 JavaThread "C1 CompilerThread0" daemon [_thread_blocked, id=6880, stack(0x04250000,0x042a0000)]
  0x03b4f800 JavaThread "JDWP Command Reader" daemon [_thread_in_native, id=4120, stack(0x042d0000,0x04320000)]
  0x03b4dc00 JavaThread "JDWP Event Helper Thread" daemon [_thread_blocked, id=9144, stack(0x040a0000,0x040f0000)]
  0x03b43800 JavaThread "JDWP Transport Listener: dt_socket" daemon [_thread_blocked, id=9560, stack(0x01930000,0x01980000)]
  0x03b3e000 JavaThread "Attach Listener" daemon [_thread_blocked, id=604, stack(0x019d0000,0x01a20000)]
  0x03b3b000 JavaThread "Signal Dispatcher" daemon [_thread_blocked, id=6544, stack(0x03e40000,0x03e90000)]
  0x03af9800 JavaThread "Finalizer" daemon [_thread_blocked, id=2168, stack(0x00690000,0x006e0000)]
  0x03af4800 JavaThread "Reference Handler" daemon [_thread_blocked, id=1124, stack(0x03d20000,0x03d70000)]
=>0x01add000 JavaThread "main" [_thread_in_native, id=8992, stack(0x005d0000,0x00620000)]

Other Threads:
  0x03af1800 VMThread [stack: 0x01a70000,0x01ac0000] [id=4660]
  0x03b6a800 WatcherThread [stack: 0x01a20000,0x01a70000] [id=6536]

VM state:not at safepoint (normal execution)

VM Mutex/Monitor currently owned by a thread: None

Heap
 def new generation   total 4928K, used 2682K [0x0f200000, 0x0f750000, 0x14750000)
  eden space 4416K,  60% used [0x0f200000, 0x0f49ea08, 0x0f650000)
  from space 512K,   0% used [0x0f650000, 0x0f650000, 0x0f6d0000)
  to   space 512K,   0% used [0x0f6d0000, 0x0f6d0000, 0x0f750000)
 tenured generation   total 10944K, used 0K [0x14750000, 0x15200000, 0x1f200000)
   the space 10944K,   0% used [0x14750000, 0x14750000, 0x14750200, 0x15200000)
 compacting perm gen  total 12288K, used 3982K [0x1f200000, 0x1fe00000, 0x23200000)
   the space 12288K,  32% used [0x1f200000, 0x1f5e3870, 0x1f5e3a00, 0x1fe00000)
No shared spaces configured.

Card table byte_map: [0x00970000,0x00a20000] byte_map_base: 0x008f7000

Polling page: 0x00110000

Code Cache  [0x01ae0000, 0x01b90000, 0x03ae0000)
 total_blobs=174 nmethods=35 adapters=85 free_code_cache=32091Kb largest_free_block=32861440

Compilation events (10 events):
Event: 0.309 Thread 0x03b5dc00   31             sun.misc.MetaIndex::mayContain (51 bytes)
Event: 0.310 Thread 0x03b5dc00 nmethod 31 0x01b87348 code [0x01b87470, 0x01b875f8]
Event: 0.315 Thread 0x03b5dc00   32             java.lang.String::getChars (62 bytes)
Event: 0.315 Thread 0x03b5dc00 nmethod 32 0x01b87808 code [0x01b87960, 0x01b87c20]
Event: 0.335 Thread 0x03b5dc00   33             java.lang.AbstractStringBuilder::append (48 bytes)
Event: 0.336 Thread 0x03b5dc00 nmethod 33 0x01b87e88 code [0x01b87fa0, 0x01b880c8]
Event: 0.340 Thread 0x03b5dc00   34             java.lang.String::<init> (67 bytes)
Event: 0.340 Thread 0x03b5dc00 nmethod 34 0x01b88208 code [0x01b88360, 0x01b885c0]
Event: 0.340 Thread 0x03b5dc00   35             java.util.Arrays::copyOfRange (63 bytes)
Event: 0.341 Thread 0x03b5dc00 nmethod 35 0x01b88808 code [0x01b88960, 0x01b88d08]

GC Heap History (0 events):
No events

Deoptimization events (0 events):
No events

Internal exceptions (10 events):
Event: 0.383 Thread 0x01add000 Threw 0x0f4767f8 at C:\re\jdk7u71\1605\hotspot\src\share\vm\prims\jvm.cpp:1281
Event: 0.386 Thread 0x01add000 Threw 0x0f478a88 at C:\re\jdk7u71\1605\hotspot\src\share\vm\prims\jvm.cpp:1281
Event: 0.387 Thread 0x01add000 Threw 0x0f47b040 at C:\re\jdk7u71\1605\hotspot\src\share\vm\prims\jvm.cpp:1281
Event: 7.720 Thread 0x01add000 Threw 0x0f47ccd8 at C:\re\jdk7u71\1605\hotspot\src\share\vm\prims\jvm.cpp:1281
Event: 8.954 Thread 0x01add000 Threw 0x0f47fad0 at C:\re\jdk7u71\1605\hotspot\src\share\vm\prims\jvm.cpp:1281
Event: 8.955 Thread 0x01add000 Threw 0x0f483128 at C:\re\jdk7u71\1605\hotspot\src\share\vm\prims\jvm.cpp:1281
Event: 13.148 Thread 0x01add000 Threw 0x0f484e00 at C:\re\jdk7u71\1605\hotspot\src\share\vm\prims\jvm.cpp:1281
Event: 13.149 Thread 0x01add000 Threw 0x0f486958 at C:\re\jdk7u71\1605\hotspot\src\share\vm\prims\jvm.cpp:1281
Event: 14.161 Thread 0x01add000 Threw 0x0f4886d8 at C:\re\jdk7u71\1605\hotspot\src\share\vm\prims\jvm.cpp:1281
Event: 17.485 Thread 0x01add000 Threw 0x0f48aa30 at C:\re\jdk7u71\1605\hotspot\src\share\vm\prims\jvm.cpp:1281

Events (10 events):
Event: 18.639 Executing VM operation: ChangeSingleStep
Event: 18.639 Executing VM operation: ChangeSingleStep done
Event: 18.640 Executing VM operation: ChangeSingleStep
Event: 18.640 Executing VM operation: ChangeSingleStep done
Event: 18.640 Executing VM operation: GetCurrentLocation
Event: 18.640 Executing VM operation: GetCurrentLocation done
Event: 18.640 Executing VM operation: ChangeSingleStep
Event: 18.640 Executing VM operation: ChangeSingleStep done
Event: 18.640 Executing VM operation: ChangeSingleStep
Event: 18.640 Executing VM operation: ChangeSingleStep done


Dynamic libraries:
0x00a20000 - 0x00a4f000 	D:\Program Files\Java\jdk1.7.0_71\bin\javaw.exe
0x77850000 - 0x7798c000 	C:\Windows\SYSTEM32\ntdll.dll
0x762f0000 - 0x763c4000 	C:\Windows\system32\kernel32.dll
0x75a60000 - 0x75aab000 	C:\Windows\system32\KERNELBASE.dll
0x76250000 - 0x762f0000 	C:\Windows\system32\ADVAPI32.dll
0x75bd0000 - 0x75c7c000 	C:\Windows\system32\msvcrt.dll
0x77990000 - 0x779a9000 	C:\Windows\SYSTEM32\sechost.dll
0x776a0000 - 0x77742000 	C:\Windows\system32\RPCRT4.dll
0x775d0000 - 0x77699000 	C:\Windows\system32\USER32.dll
0x76610000 - 0x7665e000 	C:\Windows\system32\GDI32.dll
0x75eb0000 - 0x75eba000 	C:\Windows\system32\LPK.dll
0x760a0000 - 0x7613d000 	C:\Windows\system32\USP10.dll
0x74d20000 - 0x74ebe000 	C:\Windows\WinSxS\x86_microsoft.windows.common-controls_6595b64144ccf1df_6.0.7601.17514_none_41e6975e2bd6f2b2\COMCTL32.dll
0x779c0000 - 0x77a17000 	C:\Windows\system32\SHLWAPI.dll
0x75b70000 - 0x75b8f000 	C:\Windows\system32\IMM32.DLL
0x77780000 - 0x7784c000 	C:\Windows\system32\MSCTF.dll
0x757a0000 - 0x757d5000 	C:\Windows\system32\nvinit.dll
0x0f000000 - 0x0f006000 	C:\Program Files\NVIDIA Corporation\CoProcManager\_etoured.dll
0x72750000 - 0x7278d000 	C:\Program Files\NVIDIA Corporation\CoProcManager\nvd3d9wrap.dll
0x75c80000 - 0x75e1d000 	C:\Windows\system32\SETUPAPI.dll
0x75860000 - 0x75887000 	C:\Windows\system32\CFGMGR32.dll
0x75e20000 - 0x75eaf000 	C:\Windows\system32\OLEAUT32.dll
0x76660000 - 0x767bc000 	C:\Windows\system32\ole32.dll
0x75b50000 - 0x75b62000 	C:\Windows\system32\DEVOBJ.dll
0x70920000 - 0x7095b000 	C:\Program Files\NVIDIA Corporation\CoProcManager\nvdxgiwrap.dll
0x69bd0000 - 0x69c8f000 	D:\Program Files\Java\jdk1.7.0_71\jre\bin\msvcr100.dll
0x72950000 - 0x72cd9000 	D:\Program Files\Java\jdk1.7.0_71\jre\bin\client\jvm.dll
0x6f030000 - 0x6f037000 	C:\Windows\system32\WSOCK32.dll
0x75b90000 - 0x75bc5000 	C:\Windows\system32\WS2_32.dll
0x779b0000 - 0x779b6000 	C:\Windows\system32\NSI.dll
0x739e0000 - 0x73a12000 	C:\Windows\system32\WINMM.dll
0x76820000 - 0x76825000 	C:\Windows\system32\PSAPI.DLL
0x73950000 - 0x7395c000 	D:\Program Files\Java\jdk1.7.0_71\jre\bin\verify.dll
0x72930000 - 0x72950000 	D:\Program Files\Java\jdk1.7.0_71\jre\bin\java.dll
0x72e90000 - 0x72eba000 	D:\Program Files\Java\jdk1.7.0_71\jre\bin\jdwp.dll
0x734c0000 - 0x734c7000 	D:\Program Files\Java\jdk1.7.0_71\jre\bin\npt.dll
0x72910000 - 0x72923000 	D:\Program Files\Java\jdk1.7.0_71\jre\bin\zip.dll
0x73660000 - 0x73668000 	D:\Program Files\Java\jdk1.7.0_71\jre\bin\dt_socket.dll
0x73650000 - 0x73660000 	C:\Windows\system32\NLAapi.dll
0x6f350000 - 0x6f360000 	C:\Windows\system32\napinsp.dll
0x6f330000 - 0x6f342000 	C:\Windows\system32\pnrpnsp.dll
0x75200000 - 0x7523c000 	C:\Windows\System32\mswsock.dll
0x750c0000 - 0x75104000 	C:\Windows\system32\DNSAPI.dll
0x6f320000 - 0x6f328000 	C:\Windows\System32\winrnr.dll
0x6f310000 - 0x6f31d000 	C:\Windows\system32\wshbth.dll
0x71fa0000 - 0x71fbc000 	C:\Windows\system32\IPHLPAPI.DLL
0x71f80000 - 0x71f87000 	C:\Windows\system32\WINNSI.DLL
0x71e50000 - 0x71e88000 	C:\Windows\System32\fwpuclnt.dll
0x6f300000 - 0x6f306000 	C:\Windows\system32\rasadhlp.dll
0x74610000 - 0x74615000 	C:\Windows\System32\wshtcpip.dll
0x51e70000 - 0x52d46000 	D:\workspace\jllvm\target\classes\org\jllvm\bindings\windows\x86\jllvm.dll
0x6e3c0000 - 0x6e4ab000 	C:\Windows\system32\dbghelp.dll

VM Arguments:
jvm_args: -agentlib:jdwp=transport=dt_socket,suspend=y,address=localhost:64408 -Dfile.encoding=UTF-8 -Xbootclasspath/a:D:\eclipse\plugins\org.scala-lang.scala-library_2.11.6.v20150224-172222-092690e7bf.jar;D:\eclipse\plugins\org.scala-lang.scala-reflect_2.11.6.v20150224-172222-092690e7bf.jar;D:\eclipse\plugins\org.scala-lang.scala-actors_2.11.6.v20150224-172222-092690e7bf.jar 
java_command: com.tajpure.scheme.compiler.Main D:\workspaceII\SoScheme\test\double.scm
Launcher Type: SUN_STANDARD

Environment Variables:
JAVA_HOME=D:\Program Files\Java\jdk1.7.0_71
CLASSPATH=JAVA_HOME\lib;D:\Program Files\Java\jdk1.7.0_71\lib\tools.jar
PATH=D:\Program Files\Java\jdk1.7.0_71\jre\bin;D:/Program Files/Java/jdk1.7.0_71/bin/../jre/bin/client;D:/Program Files/Java/jdk1.7.0_71/bin/../jre/bin;D:/Program Files/Java/jdk1.7.0_71/bin/../jre/lib/i386;D:\Program Files\ARM\ADSv1_2\bin;D:\Program Files\Java\jdk1.7.0_71\bin;D:\App\Application\adt-bundle-windows-x86-20130522\sdk\platform-tools;D:\Program Files (x86)\maven-2.2.1\bin;C:\Windows\system32;C:\Windows;C:\Windows\system32\wbem;D:\App\apache-maven-2.2.1-bin\apache-maven-2.2.1\bin;C:\Program Files\Intel\OpenCL SDK\2.0\bin\x86;C:\Program Files\ThinkPad\Bluetooth Software\;C:\Program Files\Microsoft SQL Server\100\Tools\Binn\;C:\Program Files\Microsoft SQL Server\100\DTS\Binn\;D:\Python34;D:\Program Files\Java\jdk1.7.0_71\bin;C:\Program Files\MySQL\MySQL Server 5.6\bin;D:\Program Files\nodejs\;D:\Program Files\scala\bin;D:\Program Files\Microsoft Visual Studio\Common\Tools\WinNT;D:\Program Files\Microsoft Visual Studio\Common\MSDev98\Bin;D:\Program Files\Microsoft Visual Studio\Common\Tools;D:\Program Files\Microsoft Visual Studio\VC98\bin;D:\App\Application\adt-bundle-windows-x86-20130522\sdk\platform-tools;D:\App\Application\adt-bundle-windows-x86-20130522\sdk\tools;C:\Users\TAOJX\AppData\Roaming\npm;D:\eclipse;
USERNAME=TAOJX
OS=Windows_NT
PROCESSOR_IDENTIFIER=x86 Family 6 Model 42 Stepping 7, GenuineIntel



---------------  S Y S T E M  ---------------

OS: Windows 7 Build 7601 Service Pack 1

CPU:total 4 (2 cores per cpu, 2 threads per core) family 6 model 42 stepping 7, cmov, cx8, fxsr, mmx, sse, sse2, sse3, ssse3, sse4.1, sse4.2, popcnt, avx, ht, tsc, tscinvbit

Memory: 4k page, physical 3056880k(923620k free), swap 6112012k(1920436k free)

vm_info: Java HotSpot(TM) Client VM (24.71-b01) for windows-x86 JRE (1.7.0_71-b14), built on Sep 26 2014 16:30:49 by "java_re" with unknown MS VC++:1600

time: Sun Apr 12 10:19:06 2015
elapsed time: 18 seconds

