#
# A fatal error has been detected by the Java Runtime Environment:
#
#  EXCEPTION_ACCESS_VIOLATION (0xc0000005) at pc=0x51b9acde, pid=6048, tid=5572
#
# JRE version: Java(TM) SE Runtime Environment (7.0_72-b14) (build 1.7.0_72-b14)
# Java VM: Java HotSpot(TM) Client VM (24.72-b04 mixed mode windows-x86 )
# Problematic frame:
# C  [jllvm.dll+0x30acde]
#
# Failed to write core dump. Minidumps are not enabled by default on client versions of Windows
#
# If you would like to submit a bug report, please visit:
#   http://bugreport.sun.com/bugreport/crash.jsp
# The crash happened outside the Java Virtual Machine in native code.
# See problematic frame for where to report the bug.
#

---------------  T H R E A D  ---------------

Current thread (0x0033cc00):  JavaThread "main" [_thread_in_native, id=5572, stack(0x00250000,0x002a0000)]

siginfo: ExceptionCode=0xc0000005, reading address 0x00000000

Registers:
EAX=0x00000000, EBX=0x004f04ac, ECX=0x004f04ac, EDX=0x00000001
ESP=0x0029f3b8, EBP=0x0029f438, ESI=0x004fb170, EDI=0x004f04a0
EIP=0x51b9acde, EFLAGS=0x00010216

Top of Stack: (sp=0x0029f3b8)
0x0029f3b8:   0000001b 004f04a0 00000001 00000000
0x0029f3c8:   004f56b0 18795d98 0029f490 004f04a0
0x0029f3d8:   004f04ac 0000003c 51af5376 004fb170
0x0029f3e8:   00000000 00000000 00000000 0033cd30
0x0029f3f8:   18795d98 18795d98 0033cc00 00000103
0x0029f408:   51b3b161 004fb170 18795d98 518a6757
0x0029f418:   004f56b0 004fb170 18795d98 0033cc00
0x0029f428:   1489f3e8 1489f3e8 00000000 00000000 

Instructions: (pc=0x51b9acde)
0x51b9acbe:   10 00 83 ec 0c 53 56 8b 74 24 18 8b d9 57 ff 74
0x51b9acce:   24 28 8b 46 08 8d 7b f4 6a 01 57 6a 1b 8b 40 0c
0x51b9acde:   ff 30 e8 cb 59 00 00 56 8b cf c7 03 5c 16 29 52
0x51b9acee:   e8 fd 2d dc ff 66 8b 43 06 33 c9 38 4c 24 24 ba 


Register to memory mapping:

EAX=0x00000000 is an unknown value
EBX=0x004f04ac is an unknown value
ECX=0x004f04ac is an unknown value
EDX=0x00000001 is an unknown value
ESP=0x0029f3b8 is pointing into the stack for thread: 0x0033cc00
EBP=0x0029f438 is pointing into the stack for thread: 0x0033cc00
ESI=0x004fb170 is an unknown value
EDI=0x004f04a0 is an unknown value


Stack: [0x00250000,0x002a0000],  sp=0x0029f3b8,  free space=316k
Native frames: (J=compiled Java code, j=interpreted, Vv=VM code, C=native code)
C  [jllvm.dll+0x30acde]
j  org.jllvm.bindings.CoreJNI.LLVMBuildLoad(JJLjava/lang/String;)J+0
j  org.jllvm.bindings.Core.LLVMBuildLoad(Lorg/jllvm/bindings/LLVMOpaqueBuilder;Lorg/jllvm/bindings/LLVMOpaqueValue;Ljava/lang/String;)Lorg/jllvm/bindings/LLVMOpaqueValue;+9
j  org.jllvm.value.user.instruction.LoadInstruction.<init>(Lorg/jllvm/InstructionBuilder;Lorg/jllvm/value/Value;Ljava/lang/String;)V+38
j  org.jllvm.InstructionBuilder.buildLoad(Lorg/jllvm/value/Value;Ljava/lang/String;)Lorg/jllvm/value/user/instruction/LoadInstruction;+7
j  com.tajpure.scheme.compiler.value.premitives.Add.codegen(Lscala/collection/immutable/List;Lcom/tajpure/scheme/compiler/ast/Node;Lcom/tajpure/scheme/compiler/Scope;)Lorg/jllvm/value/Value;+58
j  com.tajpure.scheme.compiler.ast.Call.codegen(Lcom/tajpure/scheme/compiler/Scope;)Lorg/jllvm/value/Value;+142
j  com.tajpure.scheme.compiler.ast.Block$$anonfun$codegen$1.apply(Lcom/tajpure/scheme/compiler/ast/Node;)Lorg/jllvm/value/Value;+5
j  com.tajpure.scheme.compiler.ast.Block$$anonfun$codegen$1.apply(Ljava/lang/Object;)Ljava/lang/Object;+5
j  scala.collection.immutable.List.map(Lscala/Function1;Lscala/collection/generic/CanBuildFrom;)Ljava/lang/Object;+32
j  com.tajpure.scheme.compiler.ast.Block.codegen(Lcom/tajpure/scheme/compiler/Scope;)Lorg/jllvm/value/Value;+28
j  com.tajpure.scheme.compiler.llvm.CodeGen.buildFunc(Lcom/tajpure/scheme/compiler/ast/Node;Lcom/tajpure/scheme/compiler/ast/Node;Lcom/tajpure/scheme/compiler/Scope;)Lorg/jllvm/value/Value;+172
j  com.tajpure.scheme.compiler.ast.Define.codegen(Lcom/tajpure/scheme/compiler/Scope;)Lorg/jllvm/value/Value;+23
j  com.tajpure.scheme.compiler.ast.Block$$anonfun$codegen$1.apply(Lcom/tajpure/scheme/compiler/ast/Node;)Lorg/jllvm/value/Value;+5
j  com.tajpure.scheme.compiler.ast.Block$$anonfun$codegen$1.apply(Ljava/lang/Object;)Ljava/lang/Object;+5
j  scala.collection.immutable.List.map(Lscala/Function1;Lscala/collection/generic/CanBuildFrom;)Ljava/lang/Object;+32
j  com.tajpure.scheme.compiler.ast.Block.codegen(Lcom/tajpure/scheme/compiler/Scope;)Lorg/jllvm/value/Value;+28
j  com.tajpure.scheme.compiler.Compiler.compile()V+36
j  com.tajpure.scheme.compiler.Main$.main([Ljava/lang/String;)V+11
j  com.tajpure.scheme.compiler.Main.main([Ljava/lang/String;)V+4
v  ~StubRoutines::call_stub
V  [jvm.dll+0x141c3a]
V  [jvm.dll+0x20602e]
V  [jvm.dll+0x141cbd]
V  [jvm.dll+0xcb0c5]
V  [jvm.dll+0xd5d87]
C  [javaw.exe+0x2070]
C  [javaw.exe+0xa601]
C  [javaw.exe+0xa68b]
C  [kernel32.dll+0x1336a]
C  [ntdll.dll+0x392b2]
C  [ntdll.dll+0x39285]

Java frames: (J=compiled Java code, j=interpreted, Vv=VM code)
j  org.jllvm.bindings.CoreJNI.LLVMBuildLoad(JJLjava/lang/String;)J+0
j  org.jllvm.bindings.Core.LLVMBuildLoad(Lorg/jllvm/bindings/LLVMOpaqueBuilder;Lorg/jllvm/bindings/LLVMOpaqueValue;Ljava/lang/String;)Lorg/jllvm/bindings/LLVMOpaqueValue;+9
j  org.jllvm.value.user.instruction.LoadInstruction.<init>(Lorg/jllvm/InstructionBuilder;Lorg/jllvm/value/Value;Ljava/lang/String;)V+38
j  org.jllvm.InstructionBuilder.buildLoad(Lorg/jllvm/value/Value;Ljava/lang/String;)Lorg/jllvm/value/user/instruction/LoadInstruction;+7
j  com.tajpure.scheme.compiler.value.premitives.Add.codegen(Lscala/collection/immutable/List;Lcom/tajpure/scheme/compiler/ast/Node;Lcom/tajpure/scheme/compiler/Scope;)Lorg/jllvm/value/Value;+58
j  com.tajpure.scheme.compiler.ast.Call.codegen(Lcom/tajpure/scheme/compiler/Scope;)Lorg/jllvm/value/Value;+142
j  com.tajpure.scheme.compiler.ast.Block$$anonfun$codegen$1.apply(Lcom/tajpure/scheme/compiler/ast/Node;)Lorg/jllvm/value/Value;+5
j  com.tajpure.scheme.compiler.ast.Block$$anonfun$codegen$1.apply(Ljava/lang/Object;)Ljava/lang/Object;+5
j  scala.collection.immutable.List.map(Lscala/Function1;Lscala/collection/generic/CanBuildFrom;)Ljava/lang/Object;+32
j  com.tajpure.scheme.compiler.ast.Block.codegen(Lcom/tajpure/scheme/compiler/Scope;)Lorg/jllvm/value/Value;+28
j  com.tajpure.scheme.compiler.llvm.CodeGen.buildFunc(Lcom/tajpure/scheme/compiler/ast/Node;Lcom/tajpure/scheme/compiler/ast/Node;Lcom/tajpure/scheme/compiler/Scope;)Lorg/jllvm/value/Value;+172
j  com.tajpure.scheme.compiler.ast.Define.codegen(Lcom/tajpure/scheme/compiler/Scope;)Lorg/jllvm/value/Value;+23
j  com.tajpure.scheme.compiler.ast.Block$$anonfun$codegen$1.apply(Lcom/tajpure/scheme/compiler/ast/Node;)Lorg/jllvm/value/Value;+5
j  com.tajpure.scheme.compiler.ast.Block$$anonfun$codegen$1.apply(Ljava/lang/Object;)Ljava/lang/Object;+5
j  scala.collection.immutable.List.map(Lscala/Function1;Lscala/collection/generic/CanBuildFrom;)Ljava/lang/Object;+32
j  com.tajpure.scheme.compiler.ast.Block.codegen(Lcom/tajpure/scheme/compiler/Scope;)Lorg/jllvm/value/Value;+28
j  com.tajpure.scheme.compiler.Compiler.compile()V+36
j  com.tajpure.scheme.compiler.Main$.main([Ljava/lang/String;)V+11
j  com.tajpure.scheme.compiler.Main.main([Ljava/lang/String;)V+4
v  ~StubRoutines::call_stub

---------------  P R O C E S S  ---------------

Java Threads: ( => current thread )
  0x18678c00 JavaThread "Service Thread" daemon [_thread_blocked, id=2936, stack(0x18bb0000,0x18c00000)]
  0x18673400 JavaThread "C1 CompilerThread0" daemon [_thread_blocked, id=8168, stack(0x18b60000,0x18bb0000)]
  0x18672000 JavaThread "Attach Listener" daemon [_thread_blocked, id=5560, stack(0x18c40000,0x18c90000)]
  0x1866f000 JavaThread "Signal Dispatcher" daemon [_thread_blocked, id=4364, stack(0x18920000,0x18970000)]
  0x18637400 JavaThread "Finalizer" daemon [_thread_blocked, id=6056, stack(0x045b0000,0x04600000)]
  0x18632400 JavaThread "Reference Handler" daemon [_thread_blocked, id=7796, stack(0x18a60000,0x18ab0000)]
=>0x0033cc00 JavaThread "main" [_thread_in_native, id=5572, stack(0x00250000,0x002a0000)]

Other Threads:
  0x1862fc00 VMThread [stack: 0x04540000,0x04590000] [id=1036]
  0x1869a800 WatcherThread [stack: 0x189d0000,0x18a20000] [id=3828]

VM state:not at safepoint (normal execution)

VM Mutex/Monitor currently owned by a thread: None

Heap
 def new generation   total 4928K, used 2642K [0x04600000, 0x04b50000, 0x09b50000)
  eden space 4416K,  59% used [0x04600000, 0x04894a88, 0x04a50000)
  from space 512K,   0% used [0x04a50000, 0x04a50000, 0x04ad0000)
  to   space 512K,   0% used [0x04ad0000, 0x04ad0000, 0x04b50000)
 tenured generation   total 10944K, used 0K [0x09b50000, 0x0a600000, 0x14600000)
   the space 10944K,   0% used [0x09b50000, 0x09b50000, 0x09b50200, 0x0a600000)
 compacting perm gen  total 12288K, used 3875K [0x14600000, 0x15200000, 0x18600000)
   the space 12288K,  31% used [0x14600000, 0x149c8df8, 0x149c8e00, 0x15200000)
No shared spaces configured.

Card table byte_map: [0x00bb0000,0x00c60000] byte_map_base: 0x00b8d000

Polling page: 0x00170000

Code Cache  [0x024d0000, 0x02578000, 0x044d0000)
 total_blobs=182 nmethods=34 adapters=86 free_code_cache=32113Kb largest_free_block=32884160

Compilation events (10 events):
Event: 0.139 Thread 0x18673400   30             sun.misc.MetaIndex::mayContain (51 bytes)
Event: 0.139 Thread 0x18673400 nmethod 30 0x02571b88 code [0x02571cb0, 0x02571e38]
Event: 0.142 Thread 0x18673400   31             java.lang.String::getChars (62 bytes)
Event: 0.142 Thread 0x18673400 nmethod 31 0x02572048 code [0x02572180, 0x02572410]
Event: 0.158 Thread 0x18673400   32             java.lang.AbstractStringBuilder::append (48 bytes)
Event: 0.158 Thread 0x18673400 nmethod 32 0x02572608 code [0x02572720, 0x02572848]
Event: 0.162 Thread 0x18673400   33             java.lang.String::<init> (67 bytes)
Event: 0.163 Thread 0x18673400 nmethod 33 0x02572988 code [0x02572ac0, 0x02572d00]
Event: 0.163 Thread 0x18673400   34             java.util.Arrays::copyOfRange (63 bytes)
Event: 0.163 Thread 0x18673400 nmethod 34 0x02572ec8 code [0x02573020, 0x025733b8]

GC Heap History (0 events):
No events

Deoptimization events (0 events):
No events

Internal exceptions (10 events):
Event: 0.194 Thread 0x0033cc00 Threw 0x04869578 at C:\re\jdk7u72\1606\hotspot\src\share\vm\prims\jvm.cpp:1281
Event: 0.195 Thread 0x0033cc00 Threw 0x0486bc10 at C:\re\jdk7u72\1606\hotspot\src\share\vm\prims\jvm.cpp:1281
Event: 0.195 Thread 0x0033cc00 Threw 0x0486dc58 at C:\re\jdk7u72\1606\hotspot\src\share\vm\prims\jvm.cpp:1281
Event: 0.195 Thread 0x0033cc00 Threw 0x0486fb40 at C:\re\jdk7u72\1606\hotspot\src\share\vm\prims\jvm.cpp:1281
Event: 0.197 Thread 0x0033cc00 Threw 0x048746d0 at C:\re\jdk7u72\1606\hotspot\src\share\vm\prims\jvm.cpp:1281
Event: 0.197 Thread 0x0033cc00 Threw 0x04876cd8 at C:\re\jdk7u72\1606\hotspot\src\share\vm\prims\jvm.cpp:1281
Event: 0.198 Thread 0x0033cc00 Threw 0x0487a688 at C:\re\jdk7u72\1606\hotspot\src\share\vm\prims\jvm.cpp:1281
Event: 0.198 Thread 0x0033cc00 Threw 0x0487c6f8 at C:\re\jdk7u72\1606\hotspot\src\share\vm\prims\jvm.cpp:1281
Event: 0.198 Thread 0x0033cc00 Threw 0x0487e490 at C:\re\jdk7u72\1606\hotspot\src\share\vm\prims\jvm.cpp:1281
Event: 0.199 Thread 0x0033cc00 Threw 0x048806c0 at C:\re\jdk7u72\1606\hotspot\src\share\vm\prims\jvm.cpp:1281

Events (10 events):
Event: 0.197 loading class 0x187781b0
Event: 0.197 loading class 0x187781b0 done
Event: 0.198 loading class 0x18782878
Event: 0.198 loading class 0x18782878 done
Event: 0.198 loading class 0x1879bb90
Event: 0.198 loading class 0x1879bb90 done
Event: 0.198 loading class 0x187a2bf8
Event: 0.198 loading class 0x187a2bf8 done
Event: 0.199 loading class 0x187824b8
Event: 0.199 loading class 0x187824b8 done


Dynamic libraries:
0x00dd0000 - 0x00dff000 	C:\Program Files (x86)\Java\jre7\bin\javaw.exe
0x77a10000 - 0x77b90000 	C:\Windows\SysWOW64\ntdll.dll
0x756a0000 - 0x757b0000 	C:\Windows\syswow64\kernel32.dll
0x75d80000 - 0x75dc7000 	C:\Windows\syswow64\KERNELBASE.dll
0x75360000 - 0x75400000 	C:\Windows\syswow64\ADVAPI32.dll
0x764a0000 - 0x7654c000 	C:\Windows\syswow64\msvcrt.dll
0x75400000 - 0x75419000 	C:\Windows\SysWOW64\sechost.dll
0x75580000 - 0x75670000 	C:\Windows\syswow64\RPCRT4.dll
0x74f10000 - 0x74f70000 	C:\Windows\syswow64\SspiCli.dll
0x74f00000 - 0x74f0c000 	C:\Windows\syswow64\CRYPTBASE.dll
0x76120000 - 0x76220000 	C:\Windows\syswow64\USER32.dll
0x75f30000 - 0x75fc0000 	C:\Windows\syswow64\GDI32.dll
0x75320000 - 0x7532a000 	C:\Windows\syswow64\LPK.dll
0x76710000 - 0x767ad000 	C:\Windows\syswow64\USP10.dll
0x71c30000 - 0x71dce000 	C:\Windows\WinSxS\x86_microsoft.windows.common-controls_6595b64144ccf1df_6.0.7601.17514_none_41e6975e2bd6f2b2\COMCTL32.dll
0x767c0000 - 0x76817000 	C:\Windows\syswow64\SHLWAPI.dll
0x76820000 - 0x76880000 	C:\Windows\system32\IMM32.DLL
0x75dd0000 - 0x75e9c000 	C:\Windows\syswow64\MSCTF.dll
0x73b20000 - 0x73bdf000 	C:\Program Files (x86)\Java\jre7\bin\msvcr100.dll
0x59f20000 - 0x5a2a8000 	C:\Program Files (x86)\Java\jre7\bin\client\jvm.dll
0x70a90000 - 0x70a97000 	C:\Windows\system32\WSOCK32.dll
0x75bd0000 - 0x75c05000 	C:\Windows\syswow64\WS2_32.dll
0x75c50000 - 0x75c56000 	C:\Windows\syswow64\NSI.dll
0x75c10000 - 0x75c42000 	C:\Windows\syswow64\WINMM.dll
0x75940000 - 0x75945000 	C:\Windows\syswow64\PSAPI.DLL
0x73c90000 - 0x73c9c000 	C:\Program Files (x86)\Java\jre7\bin\verify.dll
0x73c70000 - 0x73c90000 	C:\Program Files (x86)\Java\jre7\bin\java.dll
0x73c50000 - 0x73c63000 	C:\Program Files (x86)\Java\jre7\bin\zip.dll
0x51890000 - 0x52766000 	D:\workspace\workspace6\jllvm\target\classes\org\jllvm\bindings\windows\x86\jllvm.dll
0x718b0000 - 0x7199b000 	C:\Windows\system32\dbghelp.dll

VM Arguments:
jvm_args: -Dfile.encoding=UTF-8 -Xbootclasspath/p:D:\Application\eclipse.scala\plugins\org.scala-lang.scala-library_2.11.5.v20150101-184742-3fafbc204f.jar;D:\Application\eclipse.scala\plugins\org.scala-lang.scala-reflect_2.11.5.v20150101-184742-3fafbc204f.jar;D:\Application\eclipse.scala\plugins\org.scala-lang.scala-actors_2.11.5.v20150101-184742-3fafbc204f.jar 
java_command: com.tajpure.scheme.compiler.Main D:\workspace\workspace11\SoScheme\test\double.scm
Launcher Type: SUN_STANDARD

Environment Variables:
JAVA_HOME=C:\Program Files (x86)\Java\jdk1.7.0_72
CLASSPATH=.;C:\Program Files (x86)\Java\jdk1.7.0_72\lib;C:\Program Files (x86)\Java\jdk1.7.0_72\lib\tools.jar
PATH=C:\Program Files (x86)\Chez Scheme Version 8.4\bin\a6nt;C:\Program Files (x86)\Common Files\NetSarang;C:\Windows\system32;C:\Windows;C:\Windows\System32\Wbem;C:\Windows\System32\WindowsPowerShell\v1.0\;C:\Program Files (x86)\Windows7Master;C:\Program Files (x86)\Java\jdk1.7.0_72\bin;C:\Program Files (x86)\Java\jdk1.7.0_72\jre\bin;D:\Program Files\maven-2.2.1\bin;C:\Program Files\Microsoft SQL Server\110\Tools\Binn\;D:\mingw32\bin;D:\swigwin;D:\Program Files (x86)\Microsoft Visual Studio 12.0\VC\bin;D:\MinGW\bin;D:\Python27;D:\Program Files (x86)\LLVM\bin;D:\Program Files\nodejs\;D:\Program Files (x86)\Racket;D:\Program Files (x86)\Git\bin;C:\Program Files (x86)\Chez Scheme Version 8.4\bin\a6nt;D:\Program Files\MySQL\MySQL Server 5.6\bin;D:\Program Files\apache-ant-1.9.4\bin;D:\Application\adt-bundle-windows-x86_64-20140702\sdk\tools;D:\Application\adt-bundle-windows-x86_64-20140702\sdk\platform-tools;D:\Program Files\TortoiseSVN\bin;D:\Program Files (x86)\Tesseract-OCR;D:\Program Files (x86)\scala\bin;C:\play-2.2.6;d:\Program Files (x86)\OpenSSH\bin;D:\Program Files\Mercurial\;C:\Users\Administrator\AppData\Roaming\npm
USERNAME=Administrator
OS=Windows_NT
PROCESSOR_IDENTIFIER=Intel64 Family 6 Model 42 Stepping 7, GenuineIntel



---------------  S Y S T E M  ---------------

OS: Windows 7 , 64 bit Build 7601 Service Pack 1

CPU:total 4 (4 cores per cpu, 1 threads per core) family 6 model 42 stepping 7, cmov, cx8, fxsr, mmx, sse, sse2, sse3, ssse3, sse4.1, sse4.2, popcnt, avx, aes, tsc, tscinvbit

Memory: 4k page, physical 4177136k(294420k free), swap 8385188k(999476k free)

vm_info: Java HotSpot(TM) Client VM (24.72-b04) for windows-x86 JRE (1.7.0_72-b14), built on Sep 26 2014 20:59:14 by "java_re" with unknown MS VC++:1600

time: Mon Apr 27 18:00:22 2015
elapsed time: 0 seconds

