#
# A fatal error has been detected by the Java Runtime Environment:
#
#  EXCEPTION_ACCESS_VIOLATION (0xc0000005) at pc=0x6973acde, pid=4668, tid=4980
#
# JRE version: Java(TM) SE Runtime Environment (7.0_72-b14) (build 1.7.0_72-b14)
# Java VM: Java HotSpot(TM) Client VM (24.72-b04 mixed mode windows-x86 )
# Problematic frame:
# C  [jllvm.dll+0x30acde]
#
# Failed to write core dump. Minidumps are not enabled by default on client versions of Windows
#
# If you would like to submit a bug report, please visit:
#   http://bugreport.sun.com/bugreport/crash.jsp
# The crash happened outside the Java Virtual Machine in native code.
# See problematic frame for where to report the bug.
#

---------------  T H R E A D  ---------------

Current thread (0x007dcc00):  JavaThread "main" [_thread_in_native, id=4980, stack(0x00820000,0x00870000)]

siginfo: ExceptionCode=0xc0000005, reading address 0x00000000

Registers:
EAX=0x00000000, EBX=0x00281344, ECX=0x00281344, EDX=0x00000001
ESP=0x0086f7a8, EBP=0x0086f828, ESI=0x0028a5f8, EDI=0x00281338
EIP=0x6973acde, EFLAGS=0x00010212

Top of Stack: (sp=0x0086f7a8)
0x0086f7a8:   0000001b 00281338 00000001 00000000
0x0086f7b8:   00284290 187a2bd0 0086f880 00281338
0x0086f7c8:   00281344 0000003c 69695376 0028a5f8
0x0086f7d8:   00000000 00000000 00000000 007dcd30
0x0086f7e8:   187a2bd0 187a2bd0 007dcc00 00000103
0x0086f7f8:   696db161 0028a5f8 187a2bd0 69446757
0x0086f808:   00284290 0028a5f8 187a2bd0 007dcc00
0x0086f818:   149ad2d0 149ad2d0 00000000 00000000 

Instructions: (pc=0x6973acde)
0x6973acbe:   10 00 83 ec 0c 53 56 8b 74 24 18 8b d9 57 ff 74
0x6973acce:   24 28 8b 46 08 8d 7b f4 6a 01 57 6a 1b 8b 40 0c
0x6973acde:   ff 30 e8 cb 59 00 00 56 8b cf c7 03 5c 16 e3 69
0x6973acee:   e8 fd 2d dc ff 66 8b 43 06 33 c9 38 4c 24 24 ba 


Register to memory mapping:

EAX=0x00000000 is an unknown value
EBX=0x00281344 is an unknown value
ECX=0x00281344 is an unknown value
EDX=0x00000001 is an unknown value
ESP=0x0086f7a8 is pointing into the stack for thread: 0x007dcc00
EBP=0x0086f828 is pointing into the stack for thread: 0x007dcc00
ESI=0x0028a5f8 is an unknown value
EDI=0x00281338 is an unknown value


Stack: [0x00820000,0x00870000],  sp=0x0086f7a8,  free space=317k
Native frames: (J=compiled Java code, j=interpreted, Vv=VM code, C=native code)
C  [jllvm.dll+0x30acde]
j  org.jllvm.bindings.CoreJNI.LLVMBuildLoad(JJLjava/lang/String;)J+0
j  org.jllvm.bindings.Core.LLVMBuildLoad(Lorg/jllvm/bindings/LLVMOpaqueBuilder;Lorg/jllvm/bindings/LLVMOpaqueValue;Ljava/lang/String;)Lorg/jllvm/bindings/LLVMOpaqueValue;+9
j  org.jllvm.value.user.instruction.LoadInstruction.<init>(Lorg/jllvm/InstructionBuilder;Lorg/jllvm/value/Value;Ljava/lang/String;)V+38
j  org.jllvm.InstructionBuilder.buildLoad(Lorg/jllvm/value/Value;Ljava/lang/String;)Lorg/jllvm/value/user/instruction/LoadInstruction;+7
j  com.tajpure.scheme.compiler.ast.If.codegen(Lcom/tajpure/scheme/compiler/Scope;)Lorg/jllvm/value/Value;+91
j  com.tajpure.scheme.compiler.ast.Block$$anonfun$codegen$1.apply(Lcom/tajpure/scheme/compiler/ast/Node;)Lorg/jllvm/value/Value;+5
j  com.tajpure.scheme.compiler.ast.Block$$anonfun$codegen$1.apply(Ljava/lang/Object;)Ljava/lang/Object;+5
j  scala.collection.immutable.List.map(Lscala/Function1;Lscala/collection/generic/CanBuildFrom;)Ljava/lang/Object;+32
j  com.tajpure.scheme.compiler.ast.Block.codegen(Lcom/tajpure/scheme/compiler/Scope;)Lorg/jllvm/value/Value;+33
j  com.tajpure.scheme.compiler.ast.Func.codegen(Lcom/tajpure/scheme/compiler/ast/Node;Lcom/tajpure/scheme/compiler/Scope;)Lorg/jllvm/value/Value;+239
j  com.tajpure.scheme.compiler.ast.Define.codegen(Lcom/tajpure/scheme/compiler/Scope;)Lorg/jllvm/value/Value;+37
j  com.tajpure.scheme.compiler.ast.Block$$anonfun$codegen$1.apply(Lcom/tajpure/scheme/compiler/ast/Node;)Lorg/jllvm/value/Value;+5
j  com.tajpure.scheme.compiler.ast.Block$$anonfun$codegen$1.apply(Ljava/lang/Object;)Ljava/lang/Object;+5
j  scala.collection.immutable.List.map(Lscala/Function1;Lscala/collection/generic/CanBuildFrom;)Ljava/lang/Object;+32
j  com.tajpure.scheme.compiler.ast.Block.codegen(Lcom/tajpure/scheme/compiler/Scope;)Lorg/jllvm/value/Value;+33
j  com.tajpure.scheme.compiler.Compiler.compile(Ljava/lang/String;)V+34
j  com.tajpure.scheme.compiler.Compiler.compile()V+13
j  com.tajpure.scheme.compiler.Main$.main([Ljava/lang/String;)V+11
j  com.tajpure.scheme.compiler.Main.main([Ljava/lang/String;)V+4
v  ~StubRoutines::call_stub
V  [jvm.dll+0x141c3a]
V  [jvm.dll+0x20602e]
V  [jvm.dll+0x141cbd]
V  [jvm.dll+0xcb0c5]
V  [jvm.dll+0xd5d87]
C  [javaw.exe+0x2070]
C  [javaw.exe+0xa601]
C  [javaw.exe+0xa68b]
C  [kernel32.dll+0x1336a]
C  [ntdll.dll+0x392b2]
C  [ntdll.dll+0x39285]

Java frames: (J=compiled Java code, j=interpreted, Vv=VM code)
j  org.jllvm.bindings.CoreJNI.LLVMBuildLoad(JJLjava/lang/String;)J+0
j  org.jllvm.bindings.Core.LLVMBuildLoad(Lorg/jllvm/bindings/LLVMOpaqueBuilder;Lorg/jllvm/bindings/LLVMOpaqueValue;Ljava/lang/String;)Lorg/jllvm/bindings/LLVMOpaqueValue;+9
j  org.jllvm.value.user.instruction.LoadInstruction.<init>(Lorg/jllvm/InstructionBuilder;Lorg/jllvm/value/Value;Ljava/lang/String;)V+38
j  org.jllvm.InstructionBuilder.buildLoad(Lorg/jllvm/value/Value;Ljava/lang/String;)Lorg/jllvm/value/user/instruction/LoadInstruction;+7
j  com.tajpure.scheme.compiler.ast.If.codegen(Lcom/tajpure/scheme/compiler/Scope;)Lorg/jllvm/value/Value;+91
j  com.tajpure.scheme.compiler.ast.Block$$anonfun$codegen$1.apply(Lcom/tajpure/scheme/compiler/ast/Node;)Lorg/jllvm/value/Value;+5
j  com.tajpure.scheme.compiler.ast.Block$$anonfun$codegen$1.apply(Ljava/lang/Object;)Ljava/lang/Object;+5
j  scala.collection.immutable.List.map(Lscala/Function1;Lscala/collection/generic/CanBuildFrom;)Ljava/lang/Object;+32
j  com.tajpure.scheme.compiler.ast.Block.codegen(Lcom/tajpure/scheme/compiler/Scope;)Lorg/jllvm/value/Value;+33
j  com.tajpure.scheme.compiler.ast.Func.codegen(Lcom/tajpure/scheme/compiler/ast/Node;Lcom/tajpure/scheme/compiler/Scope;)Lorg/jllvm/value/Value;+239
j  com.tajpure.scheme.compiler.ast.Define.codegen(Lcom/tajpure/scheme/compiler/Scope;)Lorg/jllvm/value/Value;+37
j  com.tajpure.scheme.compiler.ast.Block$$anonfun$codegen$1.apply(Lcom/tajpure/scheme/compiler/ast/Node;)Lorg/jllvm/value/Value;+5
j  com.tajpure.scheme.compiler.ast.Block$$anonfun$codegen$1.apply(Ljava/lang/Object;)Ljava/lang/Object;+5
j  scala.collection.immutable.List.map(Lscala/Function1;Lscala/collection/generic/CanBuildFrom;)Ljava/lang/Object;+32
j  com.tajpure.scheme.compiler.ast.Block.codegen(Lcom/tajpure/scheme/compiler/Scope;)Lorg/jllvm/value/Value;+33
j  com.tajpure.scheme.compiler.Compiler.compile(Ljava/lang/String;)V+34
j  com.tajpure.scheme.compiler.Compiler.compile()V+13
j  com.tajpure.scheme.compiler.Main$.main([Ljava/lang/String;)V+11
j  com.tajpure.scheme.compiler.Main.main([Ljava/lang/String;)V+4
v  ~StubRoutines::call_stub

---------------  P R O C E S S  ---------------

Java Threads: ( => current thread )
  0x1867bc00 JavaThread "Service Thread" daemon [_thread_blocked, id=4764, stack(0x18e70000,0x18ec0000)]
  0x18676400 JavaThread "C1 CompilerThread0" daemon [_thread_blocked, id=3788, stack(0x18dc0000,0x18e10000)]
  0x18675000 JavaThread "Attach Listener" daemon [_thread_blocked, id=6836, stack(0x18c10000,0x18c60000)]
  0x18667c00 JavaThread "Signal Dispatcher" daemon [_thread_blocked, id=6232, stack(0x045b0000,0x04600000)]
  0x18637400 JavaThread "Finalizer" daemon [_thread_blocked, id=5388, stack(0x18b80000,0x18bd0000)]
  0x18632400 JavaThread "Reference Handler" daemon [_thread_blocked, id=6900, stack(0x18a30000,0x18a80000)]
=>0x007dcc00 JavaThread "main" [_thread_in_native, id=4980, stack(0x00820000,0x00870000)]

Other Threads:
  0x18630000 VMThread [stack: 0x188d0000,0x18920000] [id=6576]
  0x1869ec00 WatcherThread [stack: 0x18f50000,0x18fa0000] [id=6904]

VM state:not at safepoint (normal execution)

VM Mutex/Monitor currently owned by a thread: None

Heap
 def new generation   total 4928K, used 2968K [0x04600000, 0x04b50000, 0x09b50000)
  eden space 4416K,  67% used [0x04600000, 0x048e6250, 0x04a50000)
  from space 512K,   0% used [0x04a50000, 0x04a50000, 0x04ad0000)
  to   space 512K,   0% used [0x04ad0000, 0x04ad0000, 0x04b50000)
 tenured generation   total 10944K, used 0K [0x09b50000, 0x0a600000, 0x14600000)
   the space 10944K,   0% used [0x09b50000, 0x09b50000, 0x09b50200, 0x0a600000)
 compacting perm gen  total 12288K, used 3939K [0x14600000, 0x15200000, 0x18600000)
   the space 12288K,  32% used [0x14600000, 0x149d8fa8, 0x149d9000, 0x15200000)
No shared spaces configured.

Card table byte_map: [0x04450000,0x04500000] byte_map_base: 0x0442d000

Polling page: 0x00150000

Code Cache  [0x023d0000, 0x02478000, 0x043d0000)
 total_blobs=191 nmethods=42 adapters=86 free_code_cache=32098Kb largest_free_block=32868672

Compilation events (10 events):
Event: 0.191 Thread 0x18676400   38             sun.misc.URLClassPath::getResource (74 bytes)
Event: 0.191 Thread 0x18676400 nmethod 38 0x02476208 code [0x02476320, 0x02476428]
Event: 0.191 Thread 0x18676400   39             java.lang.String::indexOf (7 bytes)
Event: 0.191 Thread 0x18676400 nmethod 39 0x02476508 code [0x02476600, 0x0247669c]
Event: 0.194 Thread 0x18676400   40             java.util.Arrays::copyOf (19 bytes)
Event: 0.194 Thread 0x18676400 nmethod 40 0x02476c08 code [0x02476d10, 0x02476e7c]
Event: 0.195 Thread 0x18676400   41             java.net.URL::getHost (5 bytes)
Event: 0.195 Thread 0x18676400 nmethod 41 0x02476f48 code [0x02477040, 0x024770c0]
Event: 0.196 Thread 0x18676400   42             java.lang.String::substring (79 bytes)
Event: 0.196 Thread 0x18676400 nmethod 42 0x02477108 code [0x02477250, 0x02477500]

GC Heap History (0 events):
No events

Deoptimization events (0 events):
No events

Internal exceptions (10 events):
Event: 0.193 Thread 0x007dcc00 Threw 0x048bf3b8 at C:\re\jdk7u72\1606\hotspot\src\share\vm\prims\jvm.cpp:1281
Event: 0.194 Thread 0x007dcc00 Threw 0x048c1c70 at C:\re\jdk7u72\1606\hotspot\src\share\vm\prims\jvm.cpp:1281
Event: 0.194 Thread 0x007dcc00 Threw 0x048c5520 at C:\re\jdk7u72\1606\hotspot\src\share\vm\prims\jvm.cpp:1281
Event: 0.194 Thread 0x007dcc00 Threw 0x048c7738 at C:\re\jdk7u72\1606\hotspot\src\share\vm\prims\jvm.cpp:1281
Event: 0.195 Thread 0x007dcc00 Threw 0x048c94d0 at C:\re\jdk7u72\1606\hotspot\src\share\vm\prims\jvm.cpp:1281
Event: 0.195 Thread 0x007dcc00 Threw 0x048cb410 at C:\re\jdk7u72\1606\hotspot\src\share\vm\prims\jvm.cpp:1281
Event: 0.195 Thread 0x007dcc00 Threw 0x048cd5f8 at C:\re\jdk7u72\1606\hotspot\src\share\vm\prims\jvm.cpp:1281
Event: 0.196 Thread 0x007dcc00 Threw 0x048cf8a8 at C:\re\jdk7u72\1606\hotspot\src\share\vm\prims\jvm.cpp:1281
Event: 0.196 Thread 0x007dcc00 Threw 0x048d2d58 at C:\re\jdk7u72\1606\hotspot\src\share\vm\prims\jvm.cpp:1281
Event: 0.196 Thread 0x007dcc00 Threw 0x048d56c0 at C:\re\jdk7u72\1606\hotspot\src\share\vm\prims\jvm.cpp:1281

Events (10 events):
Event: 0.195 loading class 0x1877e5c8
Event: 0.195 loading class 0x1877e5c8 done
Event: 0.195 loading class 0x187a9100
Event: 0.195 loading class 0x187a9100 done
Event: 0.196 loading class 0x1877fdc0
Event: 0.196 loading class 0x1877fdc0 done
Event: 0.196 loading class 0x187a49c8
Event: 0.196 loading class 0x187a49c8 done
Event: 0.196 loading class 0x187c5300
Event: 0.196 loading class 0x187c5300 done


Dynamic libraries:
0x008c0000 - 0x008ef000 	C:\Program Files (x86)\Java\jre7\bin\javaw.exe
0x77520000 - 0x776a0000 	C:\Windows\SysWOW64\ntdll.dll
0x74e30000 - 0x74f40000 	C:\Windows\syswow64\kernel32.dll
0x75720000 - 0x75767000 	C:\Windows\syswow64\KERNELBASE.dll
0x75090000 - 0x75130000 	C:\Windows\syswow64\ADVAPI32.dll
0x75610000 - 0x756bc000 	C:\Windows\syswow64\msvcrt.dll
0x76f80000 - 0x76f99000 	C:\Windows\SysWOW64\sechost.dll
0x753a0000 - 0x75490000 	C:\Windows\syswow64\RPCRT4.dll
0x74a20000 - 0x74a80000 	C:\Windows\syswow64\SspiCli.dll
0x74a10000 - 0x74a1c000 	C:\Windows\syswow64\CRYPTBASE.dll
0x75130000 - 0x75230000 	C:\Windows\syswow64\USER32.dll
0x75230000 - 0x752c0000 	C:\Windows\syswow64\GDI32.dll
0x75490000 - 0x7549a000 	C:\Windows\syswow64\LPK.dll
0x75780000 - 0x7581d000 	C:\Windows\syswow64\USP10.dll
0x71740000 - 0x718de000 	C:\Windows\WinSxS\x86_microsoft.windows.common-controls_6595b64144ccf1df_6.0.7601.17514_none_41e6975e2bd6f2b2\COMCTL32.dll
0x756c0000 - 0x75717000 	C:\Windows\syswow64\SHLWAPI.dll
0x75b00000 - 0x75b60000 	C:\Windows\system32\IMM32.DLL
0x76090000 - 0x7615c000 	C:\Windows\syswow64\MSCTF.dll
0x6cec0000 - 0x6cf7f000 	C:\Program Files (x86)\Java\jre7\bin\msvcr100.dll
0x6a310000 - 0x6a698000 	C:\Program Files (x86)\Java\jre7\bin\client\jvm.dll
0x73b80000 - 0x73b87000 	C:\Windows\system32\WSOCK32.dll
0x75b60000 - 0x75b95000 	C:\Windows\syswow64\WS2_32.dll
0x75ba0000 - 0x75ba6000 	C:\Windows\syswow64\NSI.dll
0x75360000 - 0x75392000 	C:\Windows\syswow64\WINMM.dll
0x76f60000 - 0x76f65000 	C:\Windows\syswow64\PSAPI.DLL
0x739e0000 - 0x739ec000 	C:\Program Files (x86)\Java\jre7\bin\verify.dll
0x739c0000 - 0x739e0000 	C:\Program Files (x86)\Java\jre7\bin\java.dll
0x6cea0000 - 0x6ceb3000 	C:\Program Files (x86)\Java\jre7\bin\zip.dll
0x69430000 - 0x6a306000 	D:\workspace\workspace6\jllvm\target\classes\org\jllvm\bindings\windows\x86\jllvm.dll
0x713c0000 - 0x714ab000 	C:\Windows\system32\dbghelp.dll

VM Arguments:
jvm_args: -Dfile.encoding=UTF-8 -Xbootclasspath/p:D:\Application\eclipse.scala\plugins\org.scala-lang.scala-library_2.11.5.v20150101-184742-3fafbc204f.jar;D:\Application\eclipse.scala\plugins\org.scala-lang.scala-reflect_2.11.5.v20150101-184742-3fafbc204f.jar;D:\Application\eclipse.scala\plugins\org.scala-lang.scala-actors_2.11.5.v20150101-184742-3fafbc204f.jar 
java_command: com.tajpure.scheme.compiler.Main D:\workspace\workspace11\SoScheme\test\double.scm
Launcher Type: SUN_STANDARD

Environment Variables:
JAVA_HOME=C:\Program Files (x86)\Java\jdk1.7.0_72
CLASSPATH=.;C:\Program Files (x86)\Java\jdk1.7.0_72\lib;C:\Program Files (x86)\Java\jdk1.7.0_72\lib\tools.jar
PATH=C:\Program Files (x86)\Chez Scheme Version 8.4\bin\a6nt;C:\Program Files (x86)\Common Files\NetSarang;C:\Windows\system32;C:\Windows;C:\Windows\System32\Wbem;C:\Windows\System32\WindowsPowerShell\v1.0\;C:\Program Files (x86)\Windows7Master;C:\Program Files (x86)\Java\jdk1.7.0_72\bin;C:\Program Files (x86)\Java\jdk1.7.0_72\jre\bin;D:\Program Files\maven-2.2.1\bin;C:\Program Files\Microsoft SQL Server\110\Tools\Binn\;D:\mingw32\bin;D:\swigwin;D:\Program Files (x86)\Microsoft Visual Studio 12.0\VC\bin;D:\MinGW\bin;D:\Python27;D:\Program Files (x86)\LLVM\bin;D:\Program Files\nodejs\;D:\Program Files (x86)\Racket;D:\Program Files (x86)\Git\bin;C:\Program Files (x86)\Chez Scheme Version 8.4\bin\a6nt;D:\Program Files\MySQL\MySQL Server 5.6\bin;D:\Program Files\apache-ant-1.9.4\bin;D:\Application\adt-bundle-windows-x86_64-20140702\sdk\tools;D:\Application\adt-bundle-windows-x86_64-20140702\sdk\platform-tools;D:\Program Files\TortoiseSVN\bin;D:\Program Files (x86)\scala\bin;C:\play-2.2.6;d:\Program Files (x86)\OpenSSH\bin;D:\Program Files\Mercurial\;d:\Program Files (x86)\JXcore;C:\Users\Administrator\AppData\Roaming\npm;C:\Program Files\MongoDB\Server\3.0\bin
USERNAME=Administrator
OS=Windows_NT
PROCESSOR_IDENTIFIER=Intel64 Family 6 Model 42 Stepping 7, GenuineIntel



---------------  S Y S T E M  ---------------

OS: Windows 7 , 64 bit Build 7601 Service Pack 1

CPU:total 4 (4 cores per cpu, 1 threads per core) family 6 model 42 stepping 7, cmov, cx8, fxsr, mmx, sse, sse2, sse3, ssse3, sse4.1, sse4.2, popcnt, avx, aes, tsc, tscinvbit

Memory: 4k page, physical 4177136k(1132832k free), swap 8352420k(2220500k free)

vm_info: Java HotSpot(TM) Client VM (24.72-b04) for windows-x86 JRE (1.7.0_72-b14), built on Sep 26 2014 20:59:14 by "java_re" with unknown MS VC++:1600

time: Mon May 04 16:29:42 2015
elapsed time: 0 seconds

