#
# A fatal error has been detected by the Java Runtime Environment:
#
#  EXCEPTION_ACCESS_VIOLATION (0xc0000005) at pc=0x57df9beb, pid=7744, tid=5904
#
# JRE version: Java(TM) SE Runtime Environment (7.0_71-b14) (build 1.7.0_71-b14)
# Java VM: Java HotSpot(TM) Client VM (24.71-b01 mixed mode, sharing windows-x86 )
# Problematic frame:
# C  [jllvm.dll+0x2b9beb]
#
# Failed to write core dump. Minidumps are not enabled by default on client versions of Windows
#
# If you would like to submit a bug report, please visit:
#   http://bugreport.sun.com/bugreport/crash.jsp
# The crash happened outside the Java Virtual Machine in native code.
# See problematic frame for where to report the bug.
#

---------------  T H R E A D  ---------------

Current thread (0x006acc00):  JavaThread "main" [_thread_in_native, id=5904, stack(0x00ba0000,0x00bf0000)]

siginfo: ExceptionCode=0xc0000005, reading address 0x00000000

Registers:
EAX=0x00000000, EBX=0x00000000, ECX=0x000fe168, EDX=0x00000003
ESP=0x00bef050, EBP=0x000f1364, ESI=0x00000000, EDI=0x000fe168
EIP=0x57df9beb, EFLAGS=0x00010206

Top of Stack: (sp=0x00bef050)
0x00bef050:   000fe168 00000000 000f1364 000fff9c
0x00bef060:   00000002 57c17f0b 57c17f1e 00000000
0x00bef070:   00000000 000fca78 00000002 000f1364
0x00bef080:   000f4088 57dbf979 000f1364 000fca78
0x00bef090:   00000002 00000003 00bef0b0 00000000
0x00bef0a0:   006acd30 03fa77e8 00bef108 00bef16c
0x00bef0b0:   00bef6a4 5a27634e 5e540101 57deabc9
0x00bef0c0:   000f1364 000fca78 00000002 00bef0d0 

Instructions: (pc=0x57df9beb)
0x57df9bcb:   05 05 05 05 05 05 05 05 05 05 05 05 05 05 05 05
0x57df9bdb:   05 05 05 05 04 83 ec 08 53 8b 5c 24 10 55 56 57
0x57df9beb:   8b 03 8b 7c 24 20 8b 28 85 ff 75 48 8d 44 24 20
0x57df9bfb:   50 8d 44 24 20 50 8d 8d 28 03 00 00 e8 e4 ce 15 


Register to memory mapping:

EAX=0x00000000 is an unknown value
EBX=0x00000000 is an unknown value
ECX=0x000fe168 is an unknown value
EDX=0x00000003 is an unknown value
ESP=0x00bef050 is pointing into the stack for thread: 0x006acc00
EBP=0x000f1364 is an unknown value
ESI=0x00000000 is an unknown value
EDI=0x000fe168 is an unknown value


Stack: [0x00ba0000,0x00bf0000],  sp=0x00bef050,  free space=316k
Native frames: (J=compiled Java code, j=interpreted, Vv=VM code, C=native code)
C  [jllvm.dll+0x2b9beb]

Java frames: (J=compiled Java code, j=interpreted, Vv=VM code)
j  org.jllvm.bindings.CoreJNI.LLVMBuildGEP(JJJJLjava/lang/String;)J+0
j  org.jllvm.bindings.Core.LLVMBuildGEP(Lorg/jllvm/bindings/LLVMOpaqueBuilder;Lorg/jllvm/bindings/LLVMOpaqueValue;Lorg/jllvm/bindings/LLVMOpaqueValueRefArray;JLjava/lang/String;)Lorg/jllvm/bindings/LLVMOpaqueValue;+15
j  org.jllvm.value.user.instruction.GetElementPointerInstruction.<init>(Lorg/jllvm/InstructionBuilder;Lorg/jllvm/value/Value;[Lorg/jllvm/value/Value;Ljava/lang/String;)V+61
j  org.jllvm.InstructionBuilder.buildGEP(Lorg/jllvm/value/Value;[Lorg/jllvm/value/Value;Ljava/lang/String;)Lorg/jllvm/value/user/instruction/GetElementPointerInstruction;+8
j  com.tajpure.scheme.compiler.value.premitives.Mult.codegen(Lscala/collection/immutable/List;Lcom/tajpure/scheme/compiler/ast/Node;Lcom/tajpure/scheme/compiler/Scope;)Lorg/jllvm/value/Value;+202
j  com.tajpure.scheme.compiler.ast.Call.codegen(Lcom/tajpure/scheme/compiler/Scope;)Lorg/jllvm/value/Value;+142
j  com.tajpure.scheme.compiler.ast.Block$$anonfun$codegen$1.apply(Lcom/tajpure/scheme/compiler/ast/Node;)Lorg/jllvm/value/Value;+5
j  com.tajpure.scheme.compiler.ast.Block$$anonfun$codegen$1.apply(Ljava/lang/Object;)Ljava/lang/Object;+5
j  scala.collection.immutable.List.map(Lscala/Function1;Lscala/collection/generic/CanBuildFrom;)Ljava/lang/Object;+32
j  com.tajpure.scheme.compiler.ast.Block.codegen(Lcom/tajpure/scheme/compiler/Scope;)Lorg/jllvm/value/Value;+28
j  com.tajpure.scheme.compiler.llvm.CodeGen.buildFunc(Lcom/tajpure/scheme/compiler/ast/Node;Lcom/tajpure/scheme/compiler/ast/Node;Lcom/tajpure/scheme/compiler/Scope;)Lorg/jllvm/value/Value;+131
j  com.tajpure.scheme.compiler.ast.Define.codegen(Lcom/tajpure/scheme/compiler/Scope;)Lorg/jllvm/value/Value;+23
j  com.tajpure.scheme.compiler.ast.Block$$anonfun$codegen$1.apply(Lcom/tajpure/scheme/compiler/ast/Node;)Lorg/jllvm/value/Value;+5
j  com.tajpure.scheme.compiler.ast.Block$$anonfun$codegen$1.apply(Ljava/lang/Object;)Ljava/lang/Object;+5
j  scala.collection.immutable.List.map(Lscala/Function1;Lscala/collection/generic/CanBuildFrom;)Ljava/lang/Object;+32
j  com.tajpure.scheme.compiler.ast.Block.codegen(Lcom/tajpure/scheme/compiler/Scope;)Lorg/jllvm/value/Value;+28
j  com.tajpure.scheme.compiler.Compiler.compile()V+36
j  com.tajpure.scheme.compiler.Main$.main([Ljava/lang/String;)V+11
j  com.tajpure.scheme.compiler.Main.main([Ljava/lang/String;)V+4
v  ~StubRoutines::call_stub

---------------  P R O C E S S  ---------------

Java Threads: ( => current thread )
  0x00ac8000 JavaThread "Service Thread" daemon [_thread_blocked, id=6284, stack(0x03e50000,0x03ea0000)]
  0x00ab8c00 JavaThread "C1 CompilerThread0" daemon [_thread_blocked, id=7948, stack(0x03d50000,0x03da0000)]
  0x00ab7800 JavaThread "Attach Listener" daemon [_thread_blocked, id=356, stack(0x03da0000,0x03df0000)]
  0x00ab6c00 JavaThread "Signal Dispatcher" daemon [_thread_blocked, id=1640, stack(0x03cd0000,0x03d20000)]
  0x00a40800 JavaThread "Finalizer" daemon [_thread_blocked, id=3308, stack(0x03bb0000,0x03c00000)]
  0x00a3f000 JavaThread "Reference Handler" daemon [_thread_blocked, id=7412, stack(0x00dc0000,0x00e10000)]
=>0x006acc00 JavaThread "main" [_thread_in_native, id=5904, stack(0x00ba0000,0x00bf0000)]

Other Threads:
  0x00a3cc00 VMThread [stack: 0x03ae0000,0x03b30000] [id=6272]
  0x00ac8c00 WatcherThread [stack: 0x03c70000,0x03cc0000] [id=7848]

VM state:not at safepoint (normal execution)

VM Mutex/Monitor currently owned by a thread: None

Heap
 def new generation   total 4928K, used 2393K [0x27200000, 0x27750000, 0x2c750000)
  eden space 4416K,  54% used [0x27200000, 0x274567c8, 0x27650000)
  from space 512K,   0% used [0x27650000, 0x27650000, 0x276d0000)
  to   space 512K,   0% used [0x276d0000, 0x276d0000, 0x27750000)
 tenured generation   total 10944K, used 0K [0x2c750000, 0x2d200000, 0x37200000)
   the space 10944K,   0% used [0x2c750000, 0x2c750000, 0x2c750200, 0x2d200000)
 compacting perm gen  total 12288K, used 2231K [0x37200000, 0x37e00000, 0x3b200000)
   the space 12288K,  18% used [0x37200000, 0x3742dd50, 0x3742de00, 0x37e00000)
    ro space 10240K,  44% used [0x3b200000, 0x3b67aee0, 0x3b67b000, 0x3bc00000)
    rw space 12288K,  52% used [0x3bc00000, 0x3c242e10, 0x3c243000, 0x3c800000)

Card table byte_map: [0x00c70000,0x00d20000] byte_map_base: 0x00b37000

Polling page: 0x000a0000

Code Cache  [0x01a80000, 0x01b28000, 0x03a80000)
 total_blobs=181 nmethods=34 adapters=85 free_code_cache=32113Kb largest_free_block=32884416

Compilation events (10 events):
Event: 0.299 Thread 0x00ab8c00   30             sun.misc.MetaIndex::mayContain (51 bytes)
Event: 0.299 Thread 0x00ab8c00 nmethod 30 0x01b21b88 code [0x01b21cb0, 0x01b21e38]
Event: 0.305 Thread 0x00ab8c00   31             java.lang.String::getChars (62 bytes)
Event: 0.305 Thread 0x00ab8c00 nmethod 31 0x01b22048 code [0x01b22180, 0x01b22410]
Event: 0.327 Thread 0x00ab8c00   32             java.lang.AbstractStringBuilder::append (48 bytes)
Event: 0.328 Thread 0x00ab8c00 nmethod 32 0x01b22608 code [0x01b22720, 0x01b22848]
Event: 0.339 Thread 0x00ab8c00   33             java.lang.String::<init> (67 bytes)
Event: 0.339 Thread 0x00ab8c00 nmethod 33 0x01b22988 code [0x01b22ac0, 0x01b22d00]
Event: 0.339 Thread 0x00ab8c00   34             java.util.Arrays::copyOfRange (63 bytes)
Event: 0.340 Thread 0x00ab8c00 nmethod 34 0x01b22ec8 code [0x01b23020, 0x01b233b8]

GC Heap History (0 events):
No events

Deoptimization events (0 events):
No events

Internal exceptions (10 events):
Event: 0.462 Thread 0x006acc00 Threw 0x2742b220 at C:\re\jdk7u71\1605\hotspot\src\share\vm\prims\jvm.cpp:1281
Event: 0.463 Thread 0x006acc00 Threw 0x2742d4b0 at C:\re\jdk7u71\1605\hotspot\src\share\vm\prims\jvm.cpp:1281
Event: 0.464 Thread 0x006acc00 Threw 0x2742f968 at C:\re\jdk7u71\1605\hotspot\src\share\vm\prims\jvm.cpp:1281
Event: 0.465 Thread 0x006acc00 Threw 0x27431600 at C:\re\jdk7u71\1605\hotspot\src\share\vm\prims\jvm.cpp:1281
Event: 0.465 Thread 0x006acc00 Threw 0x274343c8 at C:\re\jdk7u71\1605\hotspot\src\share\vm\prims\jvm.cpp:1281
Event: 0.466 Thread 0x006acc00 Threw 0x27437a20 at C:\re\jdk7u71\1605\hotspot\src\share\vm\prims\jvm.cpp:1281
Event: 0.466 Thread 0x006acc00 Threw 0x27439840 at C:\re\jdk7u71\1605\hotspot\src\share\vm\prims\jvm.cpp:1281
Event: 0.467 Thread 0x006acc00 Threw 0x2743b468 at C:\re\jdk7u71\1605\hotspot\src\share\vm\prims\jvm.cpp:1281
Event: 0.468 Thread 0x006acc00 Threw 0x2743d288 at C:\re\jdk7u71\1605\hotspot\src\share\vm\prims\jvm.cpp:1281
Event: 0.469 Thread 0x006acc00 Threw 0x2743fb00 at C:\re\jdk7u71\1605\hotspot\src\share\vm\prims\jvm.cpp:1281

Events (10 events):
Event: 0.466 loading class 0x03f97098
Event: 0.466 loading class 0x03f97098 done
Event: 0.466 loading class 0x03fdff18
Event: 0.466 loading class 0x03fdff18 done
Event: 0.467 loading class 0x03fdc198
Event: 0.467 loading class 0x03fdc198 done
Event: 0.468 loading class 0x03f96d98
Event: 0.468 loading class 0x03f96d98 done
Event: 0.469 loading class 0x03f96b58
Event: 0.469 loading class 0x03f96b58 done


Dynamic libraries:
0x00e50000 - 0x00e7f000 	D:\Program Files\Java\jdk1.7.0_71\bin\javaw.exe
0x771e0000 - 0x77321000 	C:\Windows\SYSTEM32\ntdll.dll
0x77070000 - 0x77144000 	C:\Windows\system32\kernel32.dll
0x754c0000 - 0x7550b000 	C:\Windows\system32\KERNELBASE.dll
0x76240000 - 0x762e0000 	C:\Windows\system32\ADVAPI32.dll
0x75510000 - 0x755bc000 	C:\Windows\system32\msvcrt.dll
0x77390000 - 0x773a9000 	C:\Windows\SYSTEM32\sechost.dll
0x76020000 - 0x760c2000 	C:\Windows\system32\RPCRT4.dll
0x759f0000 - 0x75ab9000 	C:\Windows\system32\USER32.dll
0x773e0000 - 0x7742e000 	C:\Windows\system32\GDI32.dll
0x762e0000 - 0x762ea000 	C:\Windows\system32\LPK.dll
0x75b10000 - 0x75bad000 	C:\Windows\system32\USP10.dll
0x746f0000 - 0x7488e000 	C:\Windows\WinSxS\x86_microsoft.windows.common-controls_6595b64144ccf1df_6.0.7601.17514_none_41e6975e2bd6f2b2\COMCTL32.dll
0x75d00000 - 0x75d57000 	C:\Windows\system32\SHLWAPI.dll
0x759d0000 - 0x759ef000 	C:\Windows\system32\IMM32.DLL
0x76f40000 - 0x7700c000 	C:\Windows\system32\MSCTF.dll
0x75140000 - 0x75175000 	C:\Windows\system32\nvinit.dll
0x0f000000 - 0x0f006000 	C:\Program Files\NVIDIA Corporation\CoProcManager\_etoured.dll
0x6fb00000 - 0x6fb3d000 	C:\Program Files\NVIDIA Corporation\CoProcManager\nvd3d9wrap.dll
0x755c0000 - 0x7575d000 	C:\Windows\system32\SETUPAPI.dll
0x75460000 - 0x75487000 	C:\Windows\system32\CFGMGR32.dll
0x75940000 - 0x759cf000 	C:\Windows\system32\OLEAUT32.dll
0x760e0000 - 0x7623c000 	C:\Windows\system32\ole32.dll
0x754a0000 - 0x754b2000 	C:\Windows\system32\DEVOBJ.dll
0x6fac0000 - 0x6fafb000 	C:\Program Files\NVIDIA Corporation\CoProcManager\nvdxgiwrap.dll
0x713b0000 - 0x7146f000 	D:\Program Files\Java\jdk1.7.0_71\jre\bin\msvcr100.dll
0x59fe0000 - 0x5a369000 	D:\Program Files\Java\jdk1.7.0_71\jre\bin\client\jvm.dll
0x6fc90000 - 0x6fc97000 	C:\Windows\system32\WSOCK32.dll
0x77340000 - 0x77375000 	C:\Windows\system32\WS2_32.dll
0x77380000 - 0x77386000 	C:\Windows\system32\NSI.dll
0x73380000 - 0x733b2000 	C:\Windows\system32\WINMM.dll
0x760d0000 - 0x760d5000 	C:\Windows\system32\PSAPI.DLL
0x73500000 - 0x7350c000 	D:\Program Files\Java\jdk1.7.0_71\jre\bin\verify.dll
0x72f10000 - 0x72f30000 	D:\Program Files\Java\jdk1.7.0_71\jre\bin\java.dll
0x72d80000 - 0x72d93000 	D:\Program Files\Java\jdk1.7.0_71\jre\bin\zip.dll
0x57b40000 - 0x58a16000 	D:\workspace\jllvm\target\classes\org\jllvm\bindings\windows\x86\jllvm.dll
0x72b00000 - 0x72beb000 	C:\Windows\system32\dbghelp.dll

VM Arguments:
jvm_args: -Dfile.encoding=UTF-8 -Xbootclasspath/a:C:\Users\TAOJX\Downloads\eclipse\plugins\org.scala-lang.scala-library_2.11.6.v20150224-172222-092690e7bf.jar;C:\Users\TAOJX\Downloads\eclipse\plugins\org.scala-lang.scala-reflect_2.11.6.v20150224-172222-092690e7bf.jar;C:\Users\TAOJX\Downloads\eclipse\plugins\org.scala-lang.scala-actors_2.11.6.v20150224-172222-092690e7bf.jar 
java_command: com.tajpure.scheme.compiler.Main
Launcher Type: SUN_STANDARD

Environment Variables:
JAVA_HOME=D:\Program Files\Java\jdk1.7.0_71
CLASSPATH=JAVA_HOME\lib;D:\Program Files\Java\jdk1.7.0_71\lib\tools.jar
PATH=D:/Program Files/Java/jdk1.7.0_71/bin/../jre/bin/client;D:/Program Files/Java/jdk1.7.0_71/bin/../jre/bin;D:/Program Files/Java/jdk1.7.0_71/bin/../jre/lib/i386;D:\Program Files\ARM\ADSv1_2\bin;D:\Program Files\Java\jdk1.7.0_71\bin;D:\App\Application\adt-bundle-windows-x86-20130522\sdk\platform-tools;D:\Program Files (x86)\maven-2.2.1\bin;C:\Windows\system32;C:\Windows;C:\Windows\system32\wbem;D:\App\apache-maven-2.2.1-bin\apache-maven-2.2.1\bin;C:\Program Files\Intel\OpenCL SDK\2.0\bin\x86;C:\Program Files\ThinkPad\Bluetooth Software\;C:\Program Files\Microsoft SQL Server\100\Tools\Binn\;C:\Program Files\Microsoft SQL Server\100\DTS\Binn\;D:\Python34;D:\Program Files\Java\jdk1.7.0_71\bin;C:\Program Files\MySQL\MySQL Server 5.6\bin;D:\Program Files\nodejs\;D:\Program Files\scala\bin;D:\Program Files\Microsoft Visual Studio\Common\Tools\WinNT;D:\Program Files\Microsoft Visual Studio\Common\MSDev98\Bin;D:\Program Files\Microsoft Visual Studio\Common\Tools;D:\Program Files\Microsoft Visual Studio\VC98\bin;D:\App\Application\adt-bundle-windows-x86-20130522\sdk\platform-tools;D:\App\Application\adt-bundle-windows-x86-20130522\sdk\tools;C:\Users\TAOJX\AppData\Roaming\npm;C:\Users\TAOJX\Downloads\eclipse;
USERNAME=TAOJX
OS=Windows_NT
PROCESSOR_IDENTIFIER=x86 Family 6 Model 42 Stepping 7, GenuineIntel



---------------  S Y S T E M  ---------------

OS: Windows 7 Build 7601 Service Pack 1

CPU:total 4 (2 cores per cpu, 2 threads per core) family 6 model 42 stepping 7, cmov, cx8, fxsr, mmx, sse, sse2, sse3, ssse3, sse4.1, sse4.2, popcnt, avx, ht, tsc, tscinvbit

Memory: 4k page, physical 3056880k(484752k free), swap 6112016k(2124288k free)

vm_info: Java HotSpot(TM) Client VM (24.71-b01) for windows-x86 JRE (1.7.0_71-b14), built on Sep 26 2014 16:30:49 by "java_re" with unknown MS VC++:1600

time: Fri Apr 17 23:21:49 2015
elapsed time: 0 seconds

