#
# A fatal error has been detected by the Java Runtime Environment:
#
#  EXCEPTION_ACCESS_VIOLATION (0xc0000005) at pc=0x5170acd0, pid=6280, tid=3752
#
# JRE version: Java(TM) SE Runtime Environment (7.0_72-b14) (build 1.7.0_72-b14)
# Java VM: Java HotSpot(TM) Client VM (24.72-b04 mixed mode windows-x86 )
# Problematic frame:
# C  [jllvm.dll+0x30acd0]
#
# Failed to write core dump. Minidumps are not enabled by default on client versions of Windows
#
# If you would like to submit a bug report, please visit:
#   http://bugreport.sun.com/bugreport/crash.jsp
# The crash happened outside the Java Virtual Machine in native code.
# See problematic frame for where to report the bug.
#

---------------  T H R E A D  ---------------

Current thread (0x00eacc00):  JavaThread "main" [_thread_in_native, id=3752, stack(0x00400000,0x00450000)]

siginfo: ExceptionCode=0xc0000005, reading address 0x00000008

Registers:
EAX=0x002c1344, EBX=0x002c1344, ECX=0x002c1344, EDX=0x00000001
ESP=0x0044f604, EBP=0x0044f678, ESI=0x00000000, EDI=0x002c8200
EIP=0x5170acd0, EFLAGS=0x00010216

Top of Stack: (sp=0x0044f604)
0x0044f604:   00000000 002c8200 187b1de0 0044f6d0
0x0044f614:   002c1338 002c1344 0000003c 51665376
0x0044f624:   00000000 00000000 00000000 00000000
0x0044f634:   00eacd30 187b1de0 187b1de0 00eacc00
0x0044f644:   00000103 516ab161 00000000 187b1de0
0x0044f654:   51416757 002c8200 00000000 187b1de0
0x0044f664:   00eacc00 1499ce28 1499ce28 00000000
0x0044f674:   00000000 0044f6c0 0255aabd 00eacd30 

Instructions: (pc=0x5170acd0)
0x5170acb0:   e8 bb b7 ff ff 5f 5e 8b c3 5b 83 c4 0c c2 10 00
0x5170acc0:   83 ec 0c 53 56 8b 74 24 18 8b d9 57 ff 74 24 28
0x5170acd0:   8b 46 08 8d 7b f4 6a 01 57 6a 1b 8b 40 0c ff 30
0x5170ace0:   e8 cb 59 00 00 56 8b cf c7 03 5c 16 e0 51 e8 fd 


Register to memory mapping:

EAX=0x002c1344 is an unknown value
EBX=0x002c1344 is an unknown value
ECX=0x002c1344 is an unknown value
EDX=0x00000001 is an unknown value
ESP=0x0044f604 is pointing into the stack for thread: 0x00eacc00
EBP=0x0044f678 is pointing into the stack for thread: 0x00eacc00
ESI=0x00000000 is an unknown value
EDI=0x002c8200 is an unknown value


Stack: [0x00400000,0x00450000],  sp=0x0044f604,  free space=317k
Native frames: (J=compiled Java code, j=interpreted, Vv=VM code, C=native code)
C  [jllvm.dll+0x30acd0]
j  org.jllvm.bindings.CoreJNI.LLVMBuildLoad(JJLjava/lang/String;)J+0
j  org.jllvm.bindings.Core.LLVMBuildLoad(Lorg/jllvm/bindings/LLVMOpaqueBuilder;Lorg/jllvm/bindings/LLVMOpaqueValue;Ljava/lang/String;)Lorg/jllvm/bindings/LLVMOpaqueValue;+9
j  org.jllvm.value.user.instruction.LoadInstruction.<init>(Lorg/jllvm/InstructionBuilder;Lorg/jllvm/value/Value;Ljava/lang/String;)V+38
j  org.jllvm.InstructionBuilder.buildLoad(Lorg/jllvm/value/Value;Ljava/lang/String;)Lorg/jllvm/value/user/instruction/LoadInstruction;+7
j  com.tajpure.scheme.compiler.value.premitives.Display$$anonfun$2.apply(Lorg/jllvm/value/Value;)Lorg/jllvm/value/Value;+37
j  com.tajpure.scheme.compiler.value.premitives.Display$$anonfun$2.apply(Ljava/lang/Object;)Ljava/lang/Object;+5
j  scala.collection.immutable.List.map(Lscala/Function1;Lscala/collection/generic/CanBuildFrom;)Ljava/lang/Object;+32
j  com.tajpure.scheme.compiler.value.premitives.Display.codegen(Lscala/collection/immutable/List;Lcom/tajpure/scheme/compiler/ast/Node;Lcom/tajpure/scheme/compiler/Scope;)Lorg/jllvm/value/Value;+90
j  com.tajpure.scheme.compiler.ast.Call.codegen(Lcom/tajpure/scheme/compiler/Scope;)Lorg/jllvm/value/Value;+248
j  com.tajpure.scheme.compiler.ast.Block$$anonfun$codegen$1.apply(Lcom/tajpure/scheme/compiler/ast/Node;)Lorg/jllvm/value/Value;+5
j  com.tajpure.scheme.compiler.ast.Block$$anonfun$codegen$1.apply(Ljava/lang/Object;)Ljava/lang/Object;+5
j  scala.collection.immutable.List.map(Lscala/Function1;Lscala/collection/generic/CanBuildFrom;)Ljava/lang/Object;+32
j  com.tajpure.scheme.compiler.ast.Block.codegen(Lcom/tajpure/scheme/compiler/Scope;)Lorg/jllvm/value/Value;+28
j  com.tajpure.scheme.compiler.ast.Func.codegen(Lcom/tajpure/scheme/compiler/ast/Node;Lcom/tajpure/scheme/compiler/Scope;)Lorg/jllvm/value/Value;+231
j  com.tajpure.scheme.compiler.ast.Define.codegen(Lcom/tajpure/scheme/compiler/Scope;)Lorg/jllvm/value/Value;+37
j  com.tajpure.scheme.compiler.ast.Block$$anonfun$codegen$1.apply(Lcom/tajpure/scheme/compiler/ast/Node;)Lorg/jllvm/value/Value;+5
j  com.tajpure.scheme.compiler.ast.Block$$anonfun$codegen$1.apply(Ljava/lang/Object;)Ljava/lang/Object;+5
j  scala.collection.immutable.List.map(Lscala/Function1;Lscala/collection/generic/CanBuildFrom;)Ljava/lang/Object;+32
j  com.tajpure.scheme.compiler.ast.Block.codegen(Lcom/tajpure/scheme/compiler/Scope;)Lorg/jllvm/value/Value;+28
j  com.tajpure.scheme.compiler.Compiler.compile(Ljava/lang/String;)V+34
j  com.tajpure.scheme.compiler.Compiler.compile()V+13
j  com.tajpure.scheme.compiler.Main$.main([Ljava/lang/String;)V+11
j  com.tajpure.scheme.compiler.Main.main([Ljava/lang/String;)V+4
v  ~StubRoutines::call_stub
V  [jvm.dll+0x141c3a]
V  [jvm.dll+0x20602e]
V  [jvm.dll+0x141cbd]
V  [jvm.dll+0xcb0c5]
V  [jvm.dll+0xd5d87]
C  [javaw.exe+0x2070]
C  [javaw.exe+0xa601]
C  [javaw.exe+0xa68b]
C  [kernel32.dll+0x1336a]
C  [ntdll.dll+0x392b2]
C  [ntdll.dll+0x39285]

Java frames: (J=compiled Java code, j=interpreted, Vv=VM code)
j  org.jllvm.bindings.CoreJNI.LLVMBuildLoad(JJLjava/lang/String;)J+0
j  org.jllvm.bindings.Core.LLVMBuildLoad(Lorg/jllvm/bindings/LLVMOpaqueBuilder;Lorg/jllvm/bindings/LLVMOpaqueValue;Ljava/lang/String;)Lorg/jllvm/bindings/LLVMOpaqueValue;+9
j  org.jllvm.value.user.instruction.LoadInstruction.<init>(Lorg/jllvm/InstructionBuilder;Lorg/jllvm/value/Value;Ljava/lang/String;)V+38
j  org.jllvm.InstructionBuilder.buildLoad(Lorg/jllvm/value/Value;Ljava/lang/String;)Lorg/jllvm/value/user/instruction/LoadInstruction;+7
j  com.tajpure.scheme.compiler.value.premitives.Display$$anonfun$2.apply(Lorg/jllvm/value/Value;)Lorg/jllvm/value/Value;+37
j  com.tajpure.scheme.compiler.value.premitives.Display$$anonfun$2.apply(Ljava/lang/Object;)Ljava/lang/Object;+5
j  scala.collection.immutable.List.map(Lscala/Function1;Lscala/collection/generic/CanBuildFrom;)Ljava/lang/Object;+32
j  com.tajpure.scheme.compiler.value.premitives.Display.codegen(Lscala/collection/immutable/List;Lcom/tajpure/scheme/compiler/ast/Node;Lcom/tajpure/scheme/compiler/Scope;)Lorg/jllvm/value/Value;+90
j  com.tajpure.scheme.compiler.ast.Call.codegen(Lcom/tajpure/scheme/compiler/Scope;)Lorg/jllvm/value/Value;+248
j  com.tajpure.scheme.compiler.ast.Block$$anonfun$codegen$1.apply(Lcom/tajpure/scheme/compiler/ast/Node;)Lorg/jllvm/value/Value;+5
j  com.tajpure.scheme.compiler.ast.Block$$anonfun$codegen$1.apply(Ljava/lang/Object;)Ljava/lang/Object;+5
j  scala.collection.immutable.List.map(Lscala/Function1;Lscala/collection/generic/CanBuildFrom;)Ljava/lang/Object;+32
j  com.tajpure.scheme.compiler.ast.Block.codegen(Lcom/tajpure/scheme/compiler/Scope;)Lorg/jllvm/value/Value;+28
j  com.tajpure.scheme.compiler.ast.Func.codegen(Lcom/tajpure/scheme/compiler/ast/Node;Lcom/tajpure/scheme/compiler/Scope;)Lorg/jllvm/value/Value;+231
j  com.tajpure.scheme.compiler.ast.Define.codegen(Lcom/tajpure/scheme/compiler/Scope;)Lorg/jllvm/value/Value;+37
j  com.tajpure.scheme.compiler.ast.Block$$anonfun$codegen$1.apply(Lcom/tajpure/scheme/compiler/ast/Node;)Lorg/jllvm/value/Value;+5
j  com.tajpure.scheme.compiler.ast.Block$$anonfun$codegen$1.apply(Ljava/lang/Object;)Ljava/lang/Object;+5
j  scala.collection.immutable.List.map(Lscala/Function1;Lscala/collection/generic/CanBuildFrom;)Ljava/lang/Object;+32
j  com.tajpure.scheme.compiler.ast.Block.codegen(Lcom/tajpure/scheme/compiler/Scope;)Lorg/jllvm/value/Value;+28
j  com.tajpure.scheme.compiler.Compiler.compile(Ljava/lang/String;)V+34
j  com.tajpure.scheme.compiler.Compiler.compile()V+13
j  com.tajpure.scheme.compiler.Main$.main([Ljava/lang/String;)V+11
j  com.tajpure.scheme.compiler.Main.main([Ljava/lang/String;)V+4
v  ~StubRoutines::call_stub

---------------  P R O C E S S  ---------------

Java Threads: ( => current thread )
  0x1867bc00 JavaThread "Service Thread" daemon [_thread_blocked, id=6812, stack(0x18e70000,0x18ec0000)]
  0x18676400 JavaThread "C1 CompilerThread0" daemon [_thread_blocked, id=888, stack(0x18d50000,0x18da0000)]
  0x18675000 JavaThread "Attach Listener" daemon [_thread_blocked, id=5184, stack(0x18b40000,0x18b90000)]
  0x18667c00 JavaThread "Signal Dispatcher" daemon [_thread_blocked, id=6540, stack(0x18ab0000,0x18b00000)]
  0x18637400 JavaThread "Finalizer" daemon [_thread_blocked, id=4036, stack(0x18a00000,0x18a50000)]
  0x18632400 JavaThread "Reference Handler" daemon [_thread_blocked, id=6220, stack(0x18970000,0x189c0000)]
=>0x00eacc00 JavaThread "main" [_thread_in_native, id=3752, stack(0x00400000,0x00450000)]

Other Threads:
  0x18630000 VMThread [stack: 0x04590000,0x045e0000] [id=4684]
  0x18695c00 WatcherThread [stack: 0x18be0000,0x18c30000] [id=4376]

VM state:not at safepoint (normal execution)

VM Mutex/Monitor currently owned by a thread: None

Heap
 def new generation   total 4928K, used 2888K [0x04600000, 0x04b50000, 0x09b50000)
  eden space 4416K,  65% used [0x04600000, 0x048d2128, 0x04a50000)
  from space 512K,   0% used [0x04a50000, 0x04a50000, 0x04ad0000)
  to   space 512K,   0% used [0x04ad0000, 0x04ad0000, 0x04b50000)
 tenured generation   total 10944K, used 0K [0x09b50000, 0x0a600000, 0x14600000)
   the space 10944K,   0% used [0x09b50000, 0x09b50000, 0x09b50200, 0x0a600000)
 compacting perm gen  total 12288K, used 3871K [0x14600000, 0x15200000, 0x18600000)
   the space 12288K,  31% used [0x14600000, 0x149c7d18, 0x149c7e00, 0x15200000)
No shared spaces configured.

Card table byte_map: [0x00eb0000,0x00f60000] byte_map_base: 0x00e8d000

Polling page: 0x00100000

Code Cache  [0x02550000, 0x025f8000, 0x04550000)
 total_blobs=190 nmethods=41 adapters=86 free_code_cache=32099Kb largest_free_block=32870144

Compilation events (10 events):
Event: 0.189 Thread 0x18676400   37  s!         sun.misc.URLClassPath::getLoader (154 bytes)
Event: 0.190 Thread 0x18676400 nmethod 37 0x025f3e08 code [0x025f4050, 0x025f5190]
Event: 0.190 Thread 0x18676400   38             java.lang.String::indexOf (7 bytes)
Event: 0.190 Thread 0x18676400 nmethod 38 0x025f6308 code [0x025f6400, 0x025f649c]
Event: 0.190 Thread 0x18676400   39             sun.misc.URLClassPath::getResource (74 bytes)
Event: 0.190 Thread 0x18676400 nmethod 39 0x025f6508 code [0x025f6620, 0x025f6728]
Event: 0.190 Thread 0x18676400   40             java.util.Arrays::copyOf (19 bytes)
Event: 0.191 Thread 0x18676400 nmethod 40 0x025f6c08 code [0x025f6d10, 0x025f6e7c]
Event: 0.192 Thread 0x18676400   41             java.net.URL::getHost (5 bytes)
Event: 0.192 Thread 0x18676400 nmethod 41 0x025f6f48 code [0x025f7040, 0x025f70c0]

GC Heap History (0 events):
No events

Deoptimization events (0 events):
No events

Internal exceptions (10 events):
Event: 0.188 Thread 0x00eacc00 Threw 0x048adcc0 at C:\re\jdk7u72\1606\hotspot\src\share\vm\prims\jvm.cpp:1281
Event: 0.189 Thread 0x00eacc00 Threw 0x048afc28 at C:\re\jdk7u72\1606\hotspot\src\share\vm\prims\jvm.cpp:1281
Event: 0.189 Thread 0x00eacc00 Threw 0x048b24a0 at C:\re\jdk7u72\1606\hotspot\src\share\vm\prims\jvm.cpp:1281
Event: 0.190 Thread 0x00eacc00 Threw 0x048b5d50 at C:\re\jdk7u72\1606\hotspot\src\share\vm\prims\jvm.cpp:1281
Event: 0.190 Thread 0x00eacc00 Threw 0x048b7dc0 at C:\re\jdk7u72\1606\hotspot\src\share\vm\prims\jvm.cpp:1281
Event: 0.190 Thread 0x00eacc00 Threw 0x048b9b58 at C:\re\jdk7u72\1606\hotspot\src\share\vm\prims\jvm.cpp:1281
Event: 0.191 Thread 0x00eacc00 Threw 0x048bbaf8 at C:\re\jdk7u72\1606\hotspot\src\share\vm\prims\jvm.cpp:1281
Event: 0.191 Thread 0x00eacc00 Threw 0x048bdc10 at C:\re\jdk7u72\1606\hotspot\src\share\vm\prims\jvm.cpp:1281
Event: 0.191 Thread 0x00eacc00 Threw 0x048c0708 at C:\re\jdk7u72\1606\hotspot\src\share\vm\prims\jvm.cpp:1281
Event: 0.192 Thread 0x00eacc00 Threw 0x048c2870 at C:\re\jdk7u72\1606\hotspot\src\share\vm\prims\jvm.cpp:1281

Events (10 events):
Event: 0.190 loading class 0x187cb6f8
Event: 0.190 loading class 0x187cb6f8 done
Event: 0.191 loading class 0x187861a8
Event: 0.191 loading class 0x187861a8 done
Event: 0.191 loading class 0x187b1560
Event: 0.191 loading class 0x187b1560 done
Event: 0.191 loading class 0x187865c8
Event: 0.191 loading class 0x187865c8 done
Event: 0.192 loading class 0x18786620
Event: 0.192 loading class 0x18786620 done


Dynamic libraries:
0x01120000 - 0x0114f000 	C:\Program Files (x86)\Java\jre7\bin\javaw.exe
0x77520000 - 0x776a0000 	C:\Windows\SysWOW64\ntdll.dll
0x74e30000 - 0x74f40000 	C:\Windows\syswow64\kernel32.dll
0x75720000 - 0x75767000 	C:\Windows\syswow64\KERNELBASE.dll
0x75090000 - 0x75130000 	C:\Windows\syswow64\ADVAPI32.dll
0x75610000 - 0x756bc000 	C:\Windows\syswow64\msvcrt.dll
0x76f80000 - 0x76f99000 	C:\Windows\SysWOW64\sechost.dll
0x753a0000 - 0x75490000 	C:\Windows\syswow64\RPCRT4.dll
0x74a20000 - 0x74a80000 	C:\Windows\syswow64\SspiCli.dll
0x74a10000 - 0x74a1c000 	C:\Windows\syswow64\CRYPTBASE.dll
0x75130000 - 0x75230000 	C:\Windows\syswow64\USER32.dll
0x75230000 - 0x752c0000 	C:\Windows\syswow64\GDI32.dll
0x75490000 - 0x7549a000 	C:\Windows\syswow64\LPK.dll
0x75780000 - 0x7581d000 	C:\Windows\syswow64\USP10.dll
0x71740000 - 0x718de000 	C:\Windows\WinSxS\x86_microsoft.windows.common-controls_6595b64144ccf1df_6.0.7601.17514_none_41e6975e2bd6f2b2\COMCTL32.dll
0x756c0000 - 0x75717000 	C:\Windows\syswow64\SHLWAPI.dll
0x75b00000 - 0x75b60000 	C:\Windows\system32\IMM32.DLL
0x76090000 - 0x7615c000 	C:\Windows\syswow64\MSCTF.dll
0x526b0000 - 0x5276f000 	C:\Program Files (x86)\Java\jre7\bin\msvcr100.dll
0x52320000 - 0x526a8000 	C:\Program Files (x86)\Java\jre7\bin\client\jvm.dll
0x73b80000 - 0x73b87000 	C:\Windows\system32\WSOCK32.dll
0x75b60000 - 0x75b95000 	C:\Windows\syswow64\WS2_32.dll
0x75ba0000 - 0x75ba6000 	C:\Windows\syswow64\NSI.dll
0x75360000 - 0x75392000 	C:\Windows\syswow64\WINMM.dll
0x76f60000 - 0x76f65000 	C:\Windows\syswow64\PSAPI.DLL
0x5abb0000 - 0x5abbc000 	C:\Program Files (x86)\Java\jre7\bin\verify.dll
0x52300000 - 0x52320000 	C:\Program Files (x86)\Java\jre7\bin\java.dll
0x522e0000 - 0x522f3000 	C:\Program Files (x86)\Java\jre7\bin\zip.dll
0x51400000 - 0x522d6000 	D:\workspace\workspace6\jllvm\target\classes\org\jllvm\bindings\windows\x86\jllvm.dll
0x713c0000 - 0x714ab000 	C:\Windows\system32\dbghelp.dll

VM Arguments:
jvm_args: -Dfile.encoding=UTF-8 -Xbootclasspath/p:D:\Application\eclipse.scala\plugins\org.scala-lang.scala-library_2.11.5.v20150101-184742-3fafbc204f.jar;D:\Application\eclipse.scala\plugins\org.scala-lang.scala-reflect_2.11.5.v20150101-184742-3fafbc204f.jar;D:\Application\eclipse.scala\plugins\org.scala-lang.scala-actors_2.11.5.v20150101-184742-3fafbc204f.jar 
java_command: com.tajpure.scheme.compiler.Main D:\workspace\workspace11\SoScheme\test\double.scm
Launcher Type: SUN_STANDARD

Environment Variables:
JAVA_HOME=C:\Program Files (x86)\Java\jdk1.7.0_72
CLASSPATH=.;C:\Program Files (x86)\Java\jdk1.7.0_72\lib;C:\Program Files (x86)\Java\jdk1.7.0_72\lib\tools.jar
PATH=C:\Program Files (x86)\Chez Scheme Version 8.4\bin\a6nt;C:\Program Files (x86)\Common Files\NetSarang;C:\Windows\system32;C:\Windows;C:\Windows\System32\Wbem;C:\Windows\System32\WindowsPowerShell\v1.0\;C:\Program Files (x86)\Windows7Master;C:\Program Files (x86)\Java\jdk1.7.0_72\bin;C:\Program Files (x86)\Java\jdk1.7.0_72\jre\bin;D:\Program Files\maven-2.2.1\bin;C:\Program Files\Microsoft SQL Server\110\Tools\Binn\;D:\mingw32\bin;D:\swigwin;D:\Program Files (x86)\Microsoft Visual Studio 12.0\VC\bin;D:\MinGW\bin;D:\Python27;D:\Program Files (x86)\LLVM\bin;D:\Program Files\nodejs\;D:\Program Files (x86)\Racket;D:\Program Files (x86)\Git\bin;C:\Program Files (x86)\Chez Scheme Version 8.4\bin\a6nt;D:\Program Files\MySQL\MySQL Server 5.6\bin;D:\Program Files\apache-ant-1.9.4\bin;D:\Application\adt-bundle-windows-x86_64-20140702\sdk\tools;D:\Application\adt-bundle-windows-x86_64-20140702\sdk\platform-tools;D:\Program Files\TortoiseSVN\bin;D:\Program Files (x86)\scala\bin;C:\play-2.2.6;d:\Program Files (x86)\OpenSSH\bin;D:\Program Files\Mercurial\;d:\Program Files (x86)\JXcore;C:\Users\Administrator\AppData\Roaming\npm;C:\Program Files\MongoDB\Server\3.0\bin
USERNAME=Administrator
OS=Windows_NT
PROCESSOR_IDENTIFIER=Intel64 Family 6 Model 42 Stepping 7, GenuineIntel



---------------  S Y S T E M  ---------------

OS: Windows 7 , 64 bit Build 7601 Service Pack 1

CPU:total 4 (4 cores per cpu, 1 threads per core) family 6 model 42 stepping 7, cmov, cx8, fxsr, mmx, sse, sse2, sse3, ssse3, sse4.1, sse4.2, popcnt, avx, aes, tsc, tscinvbit

Memory: 4k page, physical 4177136k(1370600k free), swap 8352420k(2497420k free)

vm_info: Java HotSpot(TM) Client VM (24.72-b04) for windows-x86 JRE (1.7.0_72-b14), built on Sep 26 2014 20:59:14 by "java_re" with unknown MS VC++:1600

time: Mon May 04 12:45:41 2015
elapsed time: 0 seconds

